<?xml version="1.0" encoding="UTF-8"?>
<testsuite xmlns:xsi="http://www.w3.org/2001/XMLSchema-instance" xsi:noNamespaceSchemaLocation="https://maven.apache.org/surefire/maven-surefire-plugin/xsd/surefire-test-report-3.0.xsd" version="3.0" name="com.hotelbay.CucumberTestRunnerTest" time="15.733" tests="71" errors="0" skipped="0" failures="0">
  <properties>
[...]
</properties>
  <testcase name="Create booking" classname="Booking Management" time="11.877">
    <system-out><![CDATA[18:22:25.803 [main] INFO org.springframework.test.context.support.AnnotationConfigContextLoaderUtils -- Could not detect default configuration classes for test class [com.hotelbay.steps.CucumberSpringConfiguration]: CucumberSpringConfiguration does not declare any static, non-private, non-final, nested classes annotated with @Configuration.
18:22:26.107 [main] INFO org.springframework.boot.test.context.SpringBootTestContextBootstrapper -- Found @SpringBootConfiguration com.hotelbay.HotelBayApplication for test class com.hotelbay.steps.CucumberSpringConfiguration

  .   ____          _            __ _ _
 /\\ / ___'_ __ _ _(_)_ __  __ _ \ \ \ \
( ( )\___ | '_ | '_| | '_ \/ _` | \ \ \ \
 \\/  ___)| |_)| | | | | || (_| |  ) ) ) )
  '  |____| .__|_| |_|_| |_\__, | / / / /
 =========|_|==============|___/=/_/_/_/
 :: Spring Boot ::                (v3.2.5)

2026-05-07T18:22:27.171+01:00  INFO 48812 --- [           main] c.h.steps.CucumberSpringConfiguration    : Starting CucumberSpringConfiguration using Java 25 with PID 48812 (started by ferni in C:\Users\ferni\Desktop\university of evora\semester 02\software\New folder\spring-bdd)
2026-05-07T18:22:27.174+01:00  INFO 48812 --- [           main] c.h.steps.CucumberSpringConfiguration    : The following 1 profile is active: "test"
2026-05-07T18:22:28.288+01:00  INFO 48812 --- [           main] .s.d.r.c.RepositoryConfigurationDelegate : Bootstrapping Spring Data JPA repositories in DEFAULT mode.
2026-05-07T18:22:28.416+01:00  INFO 48812 --- [           main] .s.d.r.c.RepositoryConfigurationDelegate : Finished Spring Data repository scanning in 104 ms. Found 7 JPA repository interfaces.
2026-05-07T18:22:29.416+01:00  INFO 48812 --- [           main] o.s.b.w.embedded.tomcat.TomcatWebServer  : Tomcat initialized with port 0 (http)
2026-05-07T18:22:29.444+01:00  INFO 48812 --- [           main] o.apache.catalina.core.StandardService   : Starting service [Tomcat]
2026-05-07T18:22:29.444+01:00  INFO 48812 --- [           main] o.apache.catalina.core.StandardEngine    : Starting Servlet engine: [Apache Tomcat/10.1.20]
2026-05-07T18:22:29.556+01:00  INFO 48812 --- [           main] o.a.c.c.C.[Tomcat].[localhost].[/]       : Initializing Spring embedded WebApplicationContext
2026-05-07T18:22:29.558+01:00  INFO 48812 --- [           main] w.s.c.ServletWebServerApplicationContext : Root WebApplicationContext: initialization completed in 2353 ms
2026-05-07T18:22:29.615+01:00  INFO 48812 --- [           main] com.zaxxer.hikari.HikariDataSource       : HikariPool-1 - Starting...
2026-05-07T18:22:30.012+01:00  INFO 48812 --- [           main] com.zaxxer.hikari.pool.HikariPool        : HikariPool-1 - Added connection conn0: url=jdbc:h2:mem:testdb user=SA
2026-05-07T18:22:30.014+01:00  INFO 48812 --- [           main] com.zaxxer.hikari.HikariDataSource       : HikariPool-1 - Start completed.
2026-05-07T18:22:30.027+01:00  INFO 48812 --- [           main] o.s.b.a.h2.H2ConsoleAutoConfiguration    : H2 console available at '/h2-console'. Database available at 'jdbc:h2:mem:testdb'
2026-05-07T18:22:30.276+01:00  INFO 48812 --- [           main] o.hibernate.jpa.internal.util.LogHelper  : HHH000204: Processing PersistenceUnitInfo [name: default]
2026-05-07T18:22:30.436+01:00  INFO 48812 --- [           main] org.hibernate.Version                    : HHH000412: Hibernate ORM core version 6.4.4.Final
2026-05-07T18:22:30.505+01:00  INFO 48812 --- [           main] o.h.c.internal.RegionFactoryInitiator    : HHH000026: Second-level cache disabled
2026-05-07T18:22:31.087+01:00  INFO 48812 --- [           main] o.s.o.j.p.SpringPersistenceUnitInfo      : No LoadTimeWeaver setup: ignoring JPA class transformer
2026-05-07T18:22:31.221+01:00  WARN 48812 --- [           main] org.hibernate.orm.deprecation            : HHH90000025: H2Dialect does not need to be specified explicitly using 'hibernate.dialect' (remove the property setting and it will be selected by default)
2026-05-07T18:22:33.524+01:00  INFO 48812 --- [           main] o.h.e.t.j.p.i.JtaPlatformInitiator       : HHH000489: No JTA platform available (set 'hibernate.transaction.jta.platform' to enable JTA platform integration)
2026-05-07T18:22:33.557+01:00 DEBUG 48812 --- [           main] org.hibernate.SQL                        : 
    drop table if exists hotels cascade 
Hibernate: 
    drop table if exists hotels cascade 
2026-05-07T18:22:33.563+01:00 DEBUG 48812 --- [           main] org.hibernate.SQL                        : 
    drop table if exists payments cascade 
Hibernate: 
    drop table if exists payments cascade 
2026-05-07T18:22:33.563+01:00 DEBUG 48812 --- [           main] org.hibernate.SQL                        : 
    drop table if exists reservations cascade 
Hibernate: 
    drop table if exists reservations cascade 
2026-05-07T18:22:33.563+01:00 DEBUG 48812 --- [           main] org.hibernate.SQL                        : 
    drop table if exists reviews cascade 
Hibernate: 
    drop table if exists reviews cascade 
2026-05-07T18:22:33.563+01:00 DEBUG 48812 --- [           main] org.hibernate.SQL                        : 
    drop table if exists room_categories cascade 
Hibernate: 
    drop table if exists room_categories cascade 
2026-05-07T18:22:33.564+01:00 DEBUG 48812 --- [           main] org.hibernate.SQL                        : 
    drop table if exists rooms cascade 
Hibernate: 
    drop table if exists rooms cascade 
2026-05-07T18:22:33.564+01:00 DEBUG 48812 --- [           main] org.hibernate.SQL                        : 
    drop table if exists users cascade 
Hibernate: 
    drop table if exists users cascade 
2026-05-07T18:22:33.571+01:00 DEBUG 48812 --- [           main] org.hibernate.SQL                        : 
    create table hotels (
        active boolean,
        id bigint generated by default as identity,
        contact_info varchar(255),
        description varchar(255),
        location varchar(255),
        name varchar(255),
        primary key (id)
    )
Hibernate: 
    create table hotels (
        active boolean,
        id bigint generated by default as identity,
        contact_info varchar(255),
        description varchar(255),
        location varchar(255),
        name varchar(255),
        primary key (id)
    )
2026-05-07T18:22:33.588+01:00 DEBUG 48812 --- [           main] org.hibernate.SQL                        : 
    create table payments (
        amount numeric(38,2) not null,
        created_at timestamp(6),
        id bigint generated by default as identity,
        payment_date timestamp(6),
        reservation_id bigint,
        updated_at timestamp(6),
        notes varchar(255),
        payment_method varchar(255),
        status varchar(255) check (status in ('PENDING','COMPLETED','FAILED','REFUNDED')),
        transaction_id varchar(255),
        primary key (id)
    )
Hibernate: 
    create table payments (
        amount numeric(38,2) not null,
        created_at timestamp(6),
        id bigint generated by default as identity,
        payment_date timestamp(6),
        reservation_id bigint,
        updated_at timestamp(6),
        notes varchar(255),
        payment_method varchar(255),
        status varchar(255) check (status in ('PENDING','COMPLETED','FAILED','REFUNDED')),
        transaction_id varchar(255),
        primary key (id)
    )
2026-05-07T18:22:33.597+01:00 DEBUG 48812 --- [           main] org.hibernate.SQL                        : 
    create table reservations (
        check_in_date date,
        check_out_date date,
        number_of_guests integer check (number_of_guests>=1),
        total_amount numeric(38,2),
        created_at timestamp(6),
        guest_id bigint,
        hotel_id bigint,
        id bigint generated by default as identity,
        room_id bigint,
        updated_at timestamp(6),
        status varchar(255) check (status in ('PENDING','CONFIRMED','CANCELED','COMPLETED')),
        primary key (id)
    )
Hibernate: 
    create table reservations (
        check_in_date date,
        check_out_date date,
        number_of_guests integer check (number_of_guests>=1),
        total_amount numeric(38,2),
        created_at timestamp(6),
        guest_id bigint,
        hotel_id bigint,
        id bigint generated by default as identity,
        room_id bigint,
        updated_at timestamp(6),
        status varchar(255) check (status in ('PENDING','CONFIRMED','CANCELED','COMPLETED')),
        primary key (id)
    )
2026-05-07T18:22:33.600+01:00 DEBUG 48812 --- [           main] org.hibernate.SQL                        : 
    create table reviews (
        rating integer check ((rating>=0) and (rating<=10)),
        created_at timestamp(6),
        guest_id bigint,
        hotel_id bigint,
        id bigint generated by default as identity,
        reservation_id bigint,
        updated_at timestamp(6),
        description varchar(255),
        primary key (id)
    )
Hibernate: 
    create table reviews (
        rating integer check ((rating>=0) and (rating<=10)),
        created_at timestamp(6),
        guest_id bigint,
        hotel_id bigint,
        id bigint generated by default as identity,
        reservation_id bigint,
        updated_at timestamp(6),
        description varchar(255),
        primary key (id)
    )
2026-05-07T18:22:33.602+01:00 DEBUG 48812 --- [           main] org.hibernate.SQL                        : 
    create table room_categories (
        created_at timestamp(6),
        id bigint generated by default as identity,
        parent_category_id bigint,
        updated_at timestamp(6),
        name varchar(100),
        description varchar(255),
        primary key (id)
    )
Hibernate: 
    create table room_categories (
        created_at timestamp(6),
        id bigint generated by default as identity,
        parent_category_id bigint,
        updated_at timestamp(6),
        name varchar(100),
        description varchar(255),
        primary key (id)
    )
2026-05-07T18:22:33.606+01:00 DEBUG 48812 --- [           main] org.hibernate.SQL                        : 
    create table rooms (
        available boolean,
        capacity integer,
        price_per_night numeric(38,2),
        hotel_id bigint,
        id bigint generated by default as identity,
        description varchar(255),
        room_number varchar(255),
        room_type varchar(255),
        primary key (id)
    )
Hibernate: 
    create table rooms (
        available boolean,
        capacity integer,
        price_per_night numeric(38,2),
        hotel_id bigint,
        id bigint generated by default as identity,
        description varchar(255),
        room_number varchar(255),
        room_type varchar(255),
        primary key (id)
    )
2026-05-07T18:22:33.608+01:00 DEBUG 48812 --- [           main] org.hibernate.SQL                        : 
    create table users (
        role tinyint check (role between 0 and 1),
        id bigint generated by default as identity,
        email varchar(255),
        name varchar(255),
        username varchar(255),
        primary key (id)
    )
Hibernate: 
    create table users (
        role tinyint check (role between 0 and 1),
        id bigint generated by default as identity,
        email varchar(255),
        name varchar(255),
        username varchar(255),
        primary key (id)
    )
2026-05-07T18:22:33.610+01:00 DEBUG 48812 --- [           main] org.hibernate.SQL                        : 
    alter table if exists payments 
       add constraint FKp8yh4sjt3u0g6aru1oxfh3o14 
       foreign key (reservation_id) 
       references reservations
Hibernate: 
    alter table if exists payments 
       add constraint FKp8yh4sjt3u0g6aru1oxfh3o14 
       foreign key (reservation_id) 
       references reservations
2026-05-07T18:22:33.620+01:00 DEBUG 48812 --- [           main] org.hibernate.SQL                        : 
    alter table if exists reservations 
       add constraint FK3kocu7c52008941ed3rvqsflm 
       foreign key (guest_id) 
       references users
Hibernate: 
    alter table if exists reservations 
       add constraint FK3kocu7c52008941ed3rvqsflm 
       foreign key (guest_id) 
       references users
2026-05-07T18:22:33.622+01:00 DEBUG 48812 --- [           main] org.hibernate.SQL                        : 
    alter table if exists reservations 
       add constraint FK3k6nqe848o7gihi40fgkmie37 
       foreign key (hotel_id) 
       references hotels
Hibernate: 
    alter table if exists reservations 
       add constraint FK3k6nqe848o7gihi40fgkmie37 
       foreign key (hotel_id) 
       references hotels
2026-05-07T18:22:33.624+01:00 DEBUG 48812 --- [           main] org.hibernate.SQL                        : 
    alter table if exists reservations 
       add constraint FKljt6q1tp205b0h26eiegc5mx6 
       foreign key (room_id) 
       references rooms
Hibernate: 
    alter table if exists reservations 
       add constraint FKljt6q1tp205b0h26eiegc5mx6 
       foreign key (room_id) 
       references rooms
2026-05-07T18:22:33.626+01:00 DEBUG 48812 --- [           main] org.hibernate.SQL                        : 
    alter table if exists reviews 
       add constraint FKixre5j7w0s1kyrjb7eb3jw2gk 
       foreign key (guest_id) 
       references users
Hibernate: 
    alter table if exists reviews 
       add constraint FKixre5j7w0s1kyrjb7eb3jw2gk 
       foreign key (guest_id) 
       references users
2026-05-07T18:22:33.629+01:00 DEBUG 48812 --- [           main] org.hibernate.SQL                        : 
    alter table if exists reviews 
       add constraint FKb9igk5exfb4knqklcvka6cdhx 
       foreign key (hotel_id) 
       references hotels
Hibernate: 
    alter table if exists reviews 
       add constraint FKb9igk5exfb4knqklcvka6cdhx 
       foreign key (hotel_id) 
       references hotels
2026-05-07T18:22:33.631+01:00 DEBUG 48812 --- [           main] org.hibernate.SQL                        : 
    alter table if exists reviews 
       add constraint FK4mjgyh1vc99vaf9l18j2ejc89 
       foreign key (reservation_id) 
       references reservations
Hibernate: 
    alter table if exists reviews 
       add constraint FK4mjgyh1vc99vaf9l18j2ejc89 
       foreign key (reservation_id) 
       references reservations
2026-05-07T18:22:33.637+01:00 DEBUG 48812 --- [           main] org.hibernate.SQL                        : 
    alter table if exists room_categories 
       add constraint FKlt8k6as0f8rwarxn6oh0itb7s 
       foreign key (parent_category_id) 
       references room_categories
Hibernate: 
    alter table if exists room_categories 
       add constraint FKlt8k6as0f8rwarxn6oh0itb7s 
       foreign key (parent_category_id) 
       references room_categories
2026-05-07T18:22:33.640+01:00 DEBUG 48812 --- [           main] org.hibernate.SQL                        : 
    alter table if exists rooms 
       add constraint FKp5lufxy0ghq53ugm93hdc941k 
       foreign key (hotel_id) 
       references hotels
Hibernate: 
    alter table if exists rooms 
       add constraint FKp5lufxy0ghq53ugm93hdc941k 
       foreign key (hotel_id) 
       references hotels
2026-05-07T18:22:33.647+01:00  INFO 48812 --- [           main] j.LocalContainerEntityManagerFactoryBean : Initialized JPA EntityManagerFactory for persistence unit 'default'
2026-05-07T18:22:34.251+01:00  INFO 48812 --- [           main] o.s.d.j.r.query.QueryEnhancerFactory     : Hibernate is in classpath; If applicable, HQL parser will be used.
2026-05-07T18:22:35.367+01:00  WARN 48812 --- [           main] JpaBaseConfiguration$JpaWebConfiguration : spring.jpa.open-in-view is enabled by default. Therefore, database queries may be performed during view rendering. Explicitly configure spring.jpa.open-in-view to disable this warning
2026-05-07T18:22:36.035+01:00  INFO 48812 --- [           main] o.s.b.w.embedded.tomcat.TomcatWebServer  : Tomcat started on port 52673 (http) with context path ''
2026-05-07T18:22:36.047+01:00  INFO 48812 --- [           main] c.h.steps.CucumberSpringConfiguration    : Started CucumberSpringConfiguration in 9.528 seconds (process running for 13.503)

Scenario: Create booking                                                &amp#27;[90m# src/test/resources/features/booking-management.feature:10&amp#27;[0m
  &amp#27;[32mGiven &amp#27;[0m&amp#27;[32mthe system is running&amp#27;[0m                                           &amp#27;[90m# com.hotelbay.steps.ReservationManagementSteps.systemIsRunning()&amp#27;[0m
2026-05-07T18:22:36.824+01:00 DEBUG 48812 --- [           main] org.hibernate.SQL                        : 
    insert 
    into
        users
        (email, name, role, username, id) 
    values
        (?, ?, ?, ?, default)
Hibernate: 
    insert 
    into
        users
        (email, name, role, username, id) 
    values
        (?, ?, ?, ?, default)
  &amp#27;[32mAnd &amp#27;[0m&amp#27;[32mthe client is authenticated as a guest&amp#27;[0m                            &amp#27;[90m# com.hotelbay.steps.BookingManagementSteps.clientIsAuthenticatedAsGuest()&amp#27;[0m
2026-05-07T18:22:36.893+01:00 DEBUG 48812 --- [           main] org.hibernate.SQL                        : 
    insert 
    into
        users
        (email, name, role, username, id) 
    values
        (?, ?, ?, ?, default)
Hibernate: 
    insert 
    into
        users
        (email, name, role, username, id) 
    values
        (?, ?, ?, ?, default)
  &amp#27;[32mGiven &amp#27;[0m&amp#27;[32mthe client is authenticated as a guest&amp#27;[0m                          &amp#27;[90m# com.hotelbay.steps.BookingManagementSteps.clientIsAuthenticatedAsGuest()&amp#27;[0m
2026-05-07T18:22:36.898+01:00 DEBUG 48812 --- [           main] org.hibernate.SQL                        : 
    insert 
    into
        hotels
        (active, contact_info, description, location, name, id) 
    values
        (?, ?, ?, ?, ?, default)
Hibernate: 
    insert 
    into
        hotels
        (active, contact_info, description, location, name, id) 
    values
        (?, ?, ?, ?, ?, default)
2026-05-07T18:22:36.902+01:00 DEBUG 48812 --- [           main] org.hibernate.SQL                        : 
    insert 
    into
        rooms
        (available, capacity, description, hotel_id, price_per_night, room_number, room_type, id) 
    values
        (?, ?, ?, ?, ?, ?, ?, default)
Hibernate: 
    insert 
    into
        rooms
        (available, capacity, description, hotel_id, price_per_night, room_number, room_type, id) 
    values
        (?, ?, ?, ?, ?, ?, ?, default)
2026-05-07T18:22:37.148+01:00  INFO 48812 --- [o-auto-1-exec-1] o.a.c.c.C.[Tomcat].[localhost].[/]       : Initializing Spring DispatcherServlet 'dispatcherServlet'
2026-05-07T18:22:37.148+01:00  INFO 48812 --- [o-auto-1-exec-1] o.s.web.servlet.DispatcherServlet        : Initializing Servlet 'dispatcherServlet'
2026-05-07T18:22:37.149+01:00  INFO 48812 --- [o-auto-1-exec-1] o.s.web.servlet.DispatcherServlet        : Completed initialization in 1 ms
2026-05-07T18:22:37.300+01:00 DEBUG 48812 --- [o-auto-1-exec-1] org.hibernate.SQL                        : 
    select
        r1_0.id,
        r1_0.available,
        r1_0.capacity,
        r1_0.description,
        h1_0.id,
        h1_0.active,
        h1_0.contact_info,
        h1_0.description,
        h1_0.location,
        h1_0.name,
        r1_0.price_per_night,
        r1_0.room_number,
        r1_0.room_type 
    from
        rooms r1_0 
    left join
        hotels h1_0 
            on h1_0.id=r1_0.hotel_id 
    where
        r1_0.id=?
Hibernate: 
    select
        r1_0.id,
        r1_0.available,
        r1_0.capacity,
        r1_0.description,
        h1_0.id,
        h1_0.active,
        h1_0.contact_info,
        h1_0.description,
        h1_0.location,
        h1_0.name,
        r1_0.price_per_night,
        r1_0.room_number,
        r1_0.room_type 
    from
        rooms r1_0 
    left join
        hotels h1_0 
            on h1_0.id=r1_0.hotel_id 
    where
        r1_0.id=?
2026-05-07T18:22:37.318+01:00 DEBUG 48812 --- [o-auto-1-exec-1] org.hibernate.SQL                        : 
    select
        u1_0.id,
        u1_0.email,
        u1_0.name,
        u1_0.role,
        u1_0.username 
    from
        users u1_0 
    where
        u1_0.id=?
Hibernate: 
    select
        u1_0.id,
        u1_0.email,
        u1_0.name,
        u1_0.role,
        u1_0.username 
    from
        users u1_0 
    where
        u1_0.id=?
2026-05-07T18:22:37.368+01:00 DEBUG 48812 --- [o-auto-1-exec-1] org.hibernate.SQL                        : 
    select
        r1_0.id,
        r1_0.check_in_date,
        r1_0.check_out_date,
        r1_0.created_at,
        r1_0.guest_id,
        r1_0.hotel_id,
        r1_0.number_of_guests,
        r1_0.room_id,
        r1_0.status,
        r1_0.total_amount,
        r1_0.updated_at 
    from
        reservations r1_0 
    where
        r1_0.room_id=? 
        and (
            (
                r1_0.check_in_date<=? 
                and r1_0.check_out_date>?
            ) 
            or (
                r1_0.check_in_date<? 
                and r1_0.check_out_date>=?
            ) 
            or (
                r1_0.check_in_date>=? 
                and r1_0.check_out_date<=?
            )
        )
Hibernate: 
    select
        r1_0.id,
        r1_0.check_in_date,
        r1_0.check_out_date,
        r1_0.created_at,
        r1_0.guest_id,
        r1_0.hotel_id,
        r1_0.number_of_guests,
        r1_0.room_id,
        r1_0.status,
        r1_0.total_amount,
        r1_0.updated_at 
    from
        reservations r1_0 
    where
        r1_0.room_id=? 
        and (
            (
                r1_0.check_in_date<=? 
                and r1_0.check_out_date>?
            ) 
            or (
                r1_0.check_in_date<? 
                and r1_0.check_out_date>=?
            ) 
            or (
                r1_0.check_in_date>=? 
                and r1_0.check_out_date<=?
            )
        )
2026-05-07T18:22:37.375+01:00 DEBUG 48812 --- [o-auto-1-exec-1] org.hibernate.SQL                        : 
    insert 
    into
        reservations
        (check_in_date, check_out_date, created_at, guest_id, hotel_id, number_of_guests, room_id, status, total_amount, updated_at, id) 
    values
        (?, ?, ?, ?, ?, ?, ?, ?, ?, ?, default)
Hibernate: 
    insert 
    into
        reservations
        (check_in_date, check_out_date, created_at, guest_id, hotel_id, number_of_guests, room_id, status, total_amount, updated_at, id) 
    values
        (?, ?, ?, ?, ?, ?, ?, ?, ?, ?, default)
  &amp#27;[32mWhen &amp#27;[0m&amp#27;[32mthe client calls POST /api/reservations with reservation details&amp#27;[0m &amp#27;[90m# com.hotelbay.steps.BookingManagementSteps.clientCallsPostApiReservationsWithDetails()&amp#27;[0m
  &amp#27;[32mThen &amp#27;[0m&amp#27;[32mthe client receives status code of &amp#27;[0m&amp#27;[32m&amp#27;[1m201&amp#27;[0m                           &amp#27;[90m# com.hotelbay.steps.BookingManagementSteps.clientReceivesStatusCode(int)&amp#27;[0m
  &amp#27;[32mAnd &amp#27;[0m&amp#27;[32mthe booking status is set to pending&amp#27;[0m                              &amp#27;[90m# com.hotelbay.steps.BookingManagementSteps.bookingStatusIsSetToPending()&amp#27;[0m
]]></system-out>
    <system-err><![CDATA[WARNING: A Java agent has been loaded dynamically (C:\Users\ferni\.m2\repository\net\bytebuddy\byte-buddy-agent\1.14.13\byte-buddy-agent-1.14.13.jar)
WARNING: If a serviceability tool is in use, please run with -XX:+EnableDynamicAgentLoading to hide this warning
WARNING: If a serviceability tool is not in use, please run with -Djdk.instrument.traceUsage for more information
WARNING: Dynamic loading of agents will be disallowed by default in a future release
]]></system-err>
  </testcase>
  <testcase name="Cancel booking" classname="Booking Management" time="0.13">
    <system-out><![CDATA[2026-05-07T18:22:37.422+01:00  INFO 48812 --- [           main] t.c.s.AnnotationConfigContextLoaderUtils : Could not detect default configuration classes for test class [com.hotelbay.steps.CucumberSpringConfiguration]: CucumberSpringConfiguration does not declare any static, non-private, non-final, nested classes annotated with @Configuration.
2026-05-07T18:22:37.429+01:00  INFO 48812 --- [           main] .b.t.c.SpringBootTestContextBootstrapper : Found @SpringBootConfiguration com.hotelbay.HotelBayApplication for test class com.hotelbay.steps.CucumberSpringConfiguration

Scenario: Cancel booking                                &amp#27;[90m# src/test/resources/features/booking-management.feature:16&amp#27;[0m
  &amp#27;[32mGiven &amp#27;[0m&amp#27;[32mthe system is running&amp#27;[0m                           &amp#27;[90m# com.hotelbay.steps.ReservationManagementSteps.systemIsRunning()&amp#27;[0m
2026-05-07T18:22:37.508+01:00 DEBUG 48812 --- [           main] org.hibernate.SQL                        : 
    insert 
    into
        users
        (email, name, role, username, id) 
    values
        (?, ?, ?, ?, default)
Hibernate: 
    insert 
    into
        users
        (email, name, role, username, id) 
    values
        (?, ?, ?, ?, default)
  &amp#27;[32mAnd &amp#27;[0m&amp#27;[32mthe client is authenticated as a guest&amp#27;[0m            &amp#27;[90m# com.hotelbay.steps.BookingManagementSteps.clientIsAuthenticatedAsGuest()&amp#27;[0m
2026-05-07T18:22:37.511+01:00 DEBUG 48812 --- [           main] org.hibernate.SQL                        : 
    insert 
    into
        hotels
        (active, contact_info, description, location, name, id) 
    values
        (?, ?, ?, ?, ?, default)
Hibernate: 
    insert 
    into
        hotels
        (active, contact_info, description, location, name, id) 
    values
        (?, ?, ?, ?, ?, default)
2026-05-07T18:22:37.513+01:00 DEBUG 48812 --- [           main] org.hibernate.SQL                        : 
    insert 
    into
        rooms
        (available, capacity, description, hotel_id, price_per_night, room_number, room_type, id) 
    values
        (?, ?, ?, ?, ?, ?, ?, default)
Hibernate: 
    insert 
    into
        rooms
        (available, capacity, description, hotel_id, price_per_night, room_number, room_type, id) 
    values
        (?, ?, ?, ?, ?, ?, ?, default)
2026-05-07T18:22:37.516+01:00 DEBUG 48812 --- [           main] org.hibernate.SQL                        : 
    insert 
    into
        reservations
        (check_in_date, check_out_date, created_at, guest_id, hotel_id, number_of_guests, room_id, status, total_amount, updated_at, id) 
    values
        (?, ?, ?, ?, ?, ?, ?, ?, ?, ?, default)
Hibernate: 
    insert 
    into
        reservations
        (check_in_date, check_out_date, created_at, guest_id, hotel_id, number_of_guests, room_id, status, total_amount, updated_at, id) 
    values
        (?, ?, ?, ?, ?, ?, ?, ?, ?, ?, default)
  &amp#27;[32mGiven &amp#27;[0m&amp#27;[32mthe guest has a confirmed reservation with ID 1&amp#27;[0m &amp#27;[90m# com.hotelbay.steps.BookingManagementSteps.guestHasConfirmedReservation()&amp#27;[0m
2026-05-07T18:22:37.521+01:00 DEBUG 48812 --- [o-auto-1-exec-2] org.hibernate.SQL                        : 
    select
        r1_0.id,
        r1_0.check_in_date,
        r1_0.check_out_date,
        r1_0.created_at,
        g1_0.id,
        g1_0.email,
        g1_0.name,
        g1_0.role,
        g1_0.username,
        h1_0.id,
        h1_0.active,
        h1_0.contact_info,
        h1_0.description,
        h1_0.location,
        h1_0.name,
        r1_0.number_of_guests,
        r2_0.id,
        r2_0.available,
        r2_0.capacity,
        r2_0.description,
        h2_0.id,
        h2_0.active,
        h2_0.contact_info,
        h2_0.description,
        h2_0.location,
        h2_0.name,
        r2_0.price_per_night,
        r2_0.room_number,
        r2_0.room_type,
        r1_0.status,
        r1_0.total_amount,
        r1_0.updated_at 
    from
        reservations r1_0 
    left join
        users g1_0 
            on g1_0.id=r1_0.guest_id 
    left join
        hotels h1_0 
            on h1_0.id=r1_0.hotel_id 
    left join
        rooms r2_0 
            on r2_0.id=r1_0.room_id 
    left join
        hotels h2_0 
            on h2_0.id=r2_0.hotel_id 
    where
        r1_0.id=?
Hibernate: 
    select
        r1_0.id,
        r1_0.check_in_date,
        r1_0.check_out_date,
        r1_0.created_at,
        g1_0.id,
        g1_0.email,
        g1_0.name,
        g1_0.role,
        g1_0.username,
        h1_0.id,
        h1_0.active,
        h1_0.contact_info,
        h1_0.description,
        h1_0.location,
        h1_0.name,
        r1_0.number_of_guests,
        r2_0.id,
        r2_0.available,
        r2_0.capacity,
        r2_0.description,
        h2_0.id,
        h2_0.active,
        h2_0.contact_info,
        h2_0.description,
        h2_0.location,
        h2_0.name,
        r2_0.price_per_night,
        r2_0.room_number,
        r2_0.room_type,
        r1_0.status,
        r1_0.total_amount,
        r1_0.updated_at 
    from
        reservations r1_0 
    left join
        users g1_0 
            on g1_0.id=r1_0.guest_id 
    left join
        hotels h1_0 
            on h1_0.id=r1_0.hotel_id 
    left join
        rooms r2_0 
            on r2_0.id=r1_0.room_id 
    left join
        hotels h2_0 
            on h2_0.id=r2_0.hotel_id 
    where
        r1_0.id=?
2026-05-07T18:22:37.537+01:00 DEBUG 48812 --- [o-auto-1-exec-2] org.hibernate.SQL                        : 
    update
        reservations 
    set
        check_in_date=?,
        check_out_date=?,
        created_at=?,
        guest_id=?,
        hotel_id=?,
        number_of_guests=?,
        room_id=?,
        status=?,
        total_amount=?,
        updated_at=? 
    where
        id=?
Hibernate: 
    update
        reservations 
    set
        check_in_date=?,
        check_out_date=?,
        created_at=?,
        guest_id=?,
        hotel_id=?,
        number_of_guests=?,
        room_id=?,
        status=?,
        total_amount=?,
        updated_at=? 
    where
        id=?
  &amp#27;[32mWhen &amp#27;[0m&amp#27;[32mthe client calls PUT /api/reservations/1/cancel&amp#27;[0m  &amp#27;[90m# com.hotelbay.steps.BookingManagementSteps.clientCallsPutApiReservationsCancel()&amp#27;[0m
  &amp#27;[32mThen &amp#27;[0m&amp#27;[32mthe client receives status code of &amp#27;[0m&amp#27;[32m&amp#27;[1m200&amp#27;[0m           &amp#27;[90m# com.hotelbay.steps.BookingManagementSteps.clientReceivesStatusCode(int)&amp#27;[0m
  &amp#27;[32mAnd &amp#27;[0m&amp#27;[32mthe reservation status is marked as canceled&amp#27;[0m      &amp#27;[90m# com.hotelbay.steps.BookingManagementSteps.reservationStatusIsMarkedCanceled()&amp#27;[0m
]]></system-out>
  </testcase>
  <testcase name="View booking details" classname="Booking Management" time="0.047">
    <system-out><![CDATA[2026-05-07T18:22:37.551+01:00  INFO 48812 --- [           main] t.c.s.AnnotationConfigContextLoaderUtils : Could not detect default configuration classes for test class [com.hotelbay.steps.CucumberSpringConfiguration]: CucumberSpringConfiguration does not declare any static, non-private, non-final, nested classes annotated with @Configuration.
2026-05-07T18:22:37.553+01:00  INFO 48812 --- [           main] .b.t.c.SpringBootTestContextBootstrapper : Found @SpringBootConfiguration com.hotelbay.HotelBayApplication for test class com.hotelbay.steps.CucumberSpringConfiguration

Scenario: View booking details                                          &amp#27;[90m# src/test/resources/features/booking-management.feature:22&amp#27;[0m
  &amp#27;[32mGiven &amp#27;[0m&amp#27;[32mthe system is running&amp#27;[0m                                           &amp#27;[90m# com.hotelbay.steps.ReservationManagementSteps.systemIsRunning()&amp#27;[0m
2026-05-07T18:22:37.569+01:00 DEBUG 48812 --- [           main] org.hibernate.SQL                        : 
    insert 
    into
        users
        (email, name, role, username, id) 
    values
        (?, ?, ?, ?, default)
Hibernate: 
    insert 
    into
        users
        (email, name, role, username, id) 
    values
        (?, ?, ?, ?, default)
  &amp#27;[32mAnd &amp#27;[0m&amp#27;[32mthe client is authenticated as a guest&amp#27;[0m                            &amp#27;[90m# com.hotelbay.steps.BookingManagementSteps.clientIsAuthenticatedAsGuest()&amp#27;[0m
2026-05-07T18:22:37.575+01:00 DEBUG 48812 --- [           main] org.hibernate.SQL                        : 
    insert 
    into
        hotels
        (active, contact_info, description, location, name, id) 
    values
        (?, ?, ?, ?, ?, default)
Hibernate: 
    insert 
    into
        hotels
        (active, contact_info, description, location, name, id) 
    values
        (?, ?, ?, ?, ?, default)
2026-05-07T18:22:37.577+01:00 DEBUG 48812 --- [           main] org.hibernate.SQL                        : 
    insert 
    into
        rooms
        (available, capacity, description, hotel_id, price_per_night, room_number, room_type, id) 
    values
        (?, ?, ?, ?, ?, ?, ?, default)
Hibernate: 
    insert 
    into
        rooms
        (available, capacity, description, hotel_id, price_per_night, room_number, room_type, id) 
    values
        (?, ?, ?, ?, ?, ?, ?, default)
2026-05-07T18:22:37.580+01:00 DEBUG 48812 --- [           main] org.hibernate.SQL                        : 
    insert 
    into
        reservations
        (check_in_date, check_out_date, created_at, guest_id, hotel_id, number_of_guests, room_id, status, total_amount, updated_at, id) 
    values
        (?, ?, ?, ?, ?, ?, ?, ?, ?, ?, default)
Hibernate: 
    insert 
    into
        reservations
        (check_in_date, check_out_date, created_at, guest_id, hotel_id, number_of_guests, room_id, status, total_amount, updated_at, id) 
    values
        (?, ?, ?, ?, ?, ?, ?, ?, ?, ?, default)
  &amp#27;[32mGiven &amp#27;[0m&amp#27;[32mthe guest has an existing reservation with ID 1&amp#27;[0m                 &amp#27;[90m# com.hotelbay.steps.BookingManagementSteps.guestHasExistingReservation()&amp#27;[0m
2026-05-07T18:22:37.588+01:00 DEBUG 48812 --- [o-auto-1-exec-6] org.hibernate.SQL                        : 
    select
        r1_0.id,
        r1_0.check_in_date,
        r1_0.check_out_date,
        r1_0.created_at,
        g1_0.id,
        g1_0.email,
        g1_0.name,
        g1_0.role,
        g1_0.username,
        h1_0.id,
        h1_0.active,
        h1_0.contact_info,
        h1_0.description,
        h1_0.location,
        h1_0.name,
        r1_0.number_of_guests,
        r2_0.id,
        r2_0.available,
        r2_0.capacity,
        r2_0.description,
        h2_0.id,
        h2_0.active,
        h2_0.contact_info,
        h2_0.description,
        h2_0.location,
        h2_0.name,
        r2_0.price_per_night,
        r2_0.room_number,
        r2_0.room_type,
        r1_0.status,
        r1_0.total_amount,
        r1_0.updated_at 
    from
        reservations r1_0 
    left join
        users g1_0 
            on g1_0.id=r1_0.guest_id 
    left join
        hotels h1_0 
            on h1_0.id=r1_0.hotel_id 
    left join
        rooms r2_0 
            on r2_0.id=r1_0.room_id 
    left join
        hotels h2_0 
            on h2_0.id=r2_0.hotel_id 
    where
        r1_0.id=?
Hibernate: 
    select
        r1_0.id,
        r1_0.check_in_date,
        r1_0.check_out_date,
        r1_0.created_at,
        g1_0.id,
        g1_0.email,
        g1_0.name,
        g1_0.role,
        g1_0.username,
        h1_0.id,
        h1_0.active,
        h1_0.contact_info,
        h1_0.description,
        h1_0.location,
        h1_0.name,
        r1_0.number_of_guests,
        r2_0.id,
        r2_0.available,
        r2_0.capacity,
        r2_0.description,
        h2_0.id,
        h2_0.active,
        h2_0.contact_info,
        h2_0.description,
        h2_0.location,
        h2_0.name,
        r2_0.price_per_night,
        r2_0.room_number,
        r2_0.room_type,
        r1_0.status,
        r1_0.total_amount,
        r1_0.updated_at 
    from
        reservations r1_0 
    left join
        users g1_0 
            on g1_0.id=r1_0.guest_id 
    left join
        hotels h1_0 
            on h1_0.id=r1_0.hotel_id 
    left join
        rooms r2_0 
            on r2_0.id=r1_0.room_id 
    left join
        hotels h2_0 
            on h2_0.id=r2_0.hotel_id 
    where
        r1_0.id=?
  &amp#27;[32mWhen &amp#27;[0m&amp#27;[32mthe client calls GET /api/reservations/1 for reservation details&amp#27;[0m &amp#27;[90m# com.hotelbay.steps.BookingManagementSteps.clientCallsGetApiReservationsDetails()&amp#27;[0m
  &amp#27;[32mThen &amp#27;[0m&amp#27;[32mthe client receives status code of &amp#27;[0m&amp#27;[32m&amp#27;[1m200&amp#27;[0m                           &amp#27;[90m# com.hotelbay.steps.BookingManagementSteps.clientReceivesStatusCode(int)&amp#27;[0m
  &amp#27;[32mAnd &amp#27;[0m&amp#27;[32mthe system returns the reservation details&amp#27;[0m                        &amp#27;[90m# com.hotelbay.steps.BookingManagementSteps.systemReturnsReservationDetails()&amp#27;[0m
]]></system-out>
  </testcase>
  <testcase name="List user bookings" classname="Booking Management" time="0.058">
    <system-out><![CDATA[2026-05-07T18:22:37.598+01:00  INFO 48812 --- [           main] t.c.s.AnnotationConfigContextLoaderUtils : Could not detect default configuration classes for test class [com.hotelbay.steps.CucumberSpringConfiguration]: CucumberSpringConfiguration does not declare any static, non-private, non-final, nested classes annotated with @Configuration.
2026-05-07T18:22:37.600+01:00  INFO 48812 --- [           main] .b.t.c.SpringBootTestContextBootstrapper : Found @SpringBootConfiguration com.hotelbay.HotelBayApplication for test class com.hotelbay.steps.CucumberSpringConfiguration

Scenario: List user bookings                                            &amp#27;[90m# src/test/resources/features/booking-management.feature:28&amp#27;[0m
  &amp#27;[32mGiven &amp#27;[0m&amp#27;[32mthe system is running&amp#27;[0m                                           &amp#27;[90m# com.hotelbay.steps.ReservationManagementSteps.systemIsRunning()&amp#27;[0m
2026-05-07T18:22:37.616+01:00 DEBUG 48812 --- [           main] org.hibernate.SQL                        : 
    insert 
    into
        users
        (email, name, role, username, id) 
    values
        (?, ?, ?, ?, default)
Hibernate: 
    insert 
    into
        users
        (email, name, role, username, id) 
    values
        (?, ?, ?, ?, default)
  &amp#27;[32mAnd &amp#27;[0m&amp#27;[32mthe client is authenticated as a guest&amp#27;[0m                            &amp#27;[90m# com.hotelbay.steps.BookingManagementSteps.clientIsAuthenticatedAsGuest()&amp#27;[0m
2026-05-07T18:22:37.619+01:00 DEBUG 48812 --- [           main] org.hibernate.SQL                        : 
    insert 
    into
        users
        (email, name, role, username, id) 
    values
        (?, ?, ?, ?, default)
Hibernate: 
    insert 
    into
        users
        (email, name, role, username, id) 
    values
        (?, ?, ?, ?, default)
  &amp#27;[32mGiven &amp#27;[0m&amp#27;[32mthe client is authenticated as a guest&amp#27;[0m                          &amp#27;[90m# com.hotelbay.steps.BookingManagementSteps.clientIsAuthenticatedAsGuest()&amp#27;[0m
2026-05-07T18:22:37.645+01:00 DEBUG 48812 --- [o-auto-1-exec-4] org.hibernate.SQL                        : 
    select
        r1_0.id,
        r1_0.check_in_date,
        r1_0.check_out_date,
        r1_0.created_at,
        r1_0.guest_id,
        r1_0.hotel_id,
        r1_0.number_of_guests,
        r1_0.room_id,
        r1_0.status,
        r1_0.total_amount,
        r1_0.updated_at 
    from
        reservations r1_0 
    left join
        users g1_0 
            on g1_0.id=r1_0.guest_id 
    where
        g1_0.id=?
Hibernate: 
    select
        r1_0.id,
        r1_0.check_in_date,
        r1_0.check_out_date,
        r1_0.created_at,
        r1_0.guest_id,
        r1_0.hotel_id,
        r1_0.number_of_guests,
        r1_0.room_id,
        r1_0.status,
        r1_0.total_amount,
        r1_0.updated_at 
    from
        reservations r1_0 
    left join
        users g1_0 
            on g1_0.id=r1_0.guest_id 
    where
        g1_0.id=?
  &amp#27;[32mWhen &amp#27;[0m&amp#27;[32mthe client calls GET /api/reservations/guest/1 for user bookings&amp#27;[0m &amp#27;[90m# com.hotelbay.steps.BookingManagementSteps.clientCallsGetApiReservationsGuestBookings()&amp#27;[0m
  &amp#27;[32mThen &amp#27;[0m&amp#27;[32mthe client receives status code of &amp#27;[0m&amp#27;[32m&amp#27;[1m200&amp#27;[0m                           &amp#27;[90m# com.hotelbay.steps.BookingManagementSteps.clientReceivesStatusCode(int)&amp#27;[0m
  &amp#27;[32mAnd &amp#27;[0m&amp#27;[32mthe system returns a list of the user's reservations&amp#27;[0m              &amp#27;[90m# com.hotelbay.steps.BookingManagementSteps.systemReturnsUserReservations()&amp#27;[0m
]]></system-out>
  </testcase>
  <testcase name="Check room availability" classname="Booking Management" time="0.038">
    <system-out><![CDATA[2026-05-07T18:22:37.656+01:00  INFO 48812 --- [           main] t.c.s.AnnotationConfigContextLoaderUtils : Could not detect default configuration classes for test class [com.hotelbay.steps.CucumberSpringConfiguration]: CucumberSpringConfiguration does not declare any static, non-private, non-final, nested classes annotated with @Configuration.
2026-05-07T18:22:37.658+01:00  INFO 48812 --- [           main] .b.t.c.SpringBootTestContextBootstrapper : Found @SpringBootConfiguration com.hotelbay.HotelBayApplication for test class com.hotelbay.steps.CucumberSpringConfiguration

Scenario: Check room availability                            &amp#27;[90m# src/test/resources/features/booking-management.feature:34&amp#27;[0m
  &amp#27;[32mGiven &amp#27;[0m&amp#27;[32mthe system is running&amp#27;[0m                                &amp#27;[90m# com.hotelbay.steps.ReservationManagementSteps.systemIsRunning()&amp#27;[0m
2026-05-07T18:22:37.673+01:00 DEBUG 48812 --- [           main] org.hibernate.SQL                        : 
    insert 
    into
        users
        (email, name, role, username, id) 
    values
        (?, ?, ?, ?, default)
Hibernate: 
    insert 
    into
        users
        (email, name, role, username, id) 
    values
        (?, ?, ?, ?, default)
  &amp#27;[32mAnd &amp#27;[0m&amp#27;[32mthe client is authenticated as a guest&amp#27;[0m                 &amp#27;[90m# com.hotelbay.steps.BookingManagementSteps.clientIsAuthenticatedAsGuest()&amp#27;[0m
  &amp#27;[32mGiven &amp#27;[0m&amp#27;[32mthe user provides check-in and check-out dates&amp#27;[0m       &amp#27;[90m# com.hotelbay.steps.BookingManagementSteps.userProvidesCheckInAndCheckOutDates()&amp#27;[0m
2026-05-07T18:22:37.682+01:00 DEBUG 48812 --- [o-auto-1-exec-5] org.hibernate.SQL                        : 
    select
        r1_0.id,
        r1_0.available,
        r1_0.capacity,
        r1_0.description,
        r1_0.hotel_id,
        r1_0.price_per_night,
        r1_0.room_number,
        r1_0.room_type 
    from
        rooms r1_0
Hibernate: 
    select
        r1_0.id,
        r1_0.available,
        r1_0.capacity,
        r1_0.description,
        r1_0.hotel_id,
        r1_0.price_per_night,
        r1_0.room_number,
        r1_0.room_type 
    from
        rooms r1_0
2026-05-07T18:22:37.683+01:00 DEBUG 48812 --- [o-auto-1-exec-5] org.hibernate.SQL                        : 
    select
        h1_0.id,
        h1_0.active,
        h1_0.contact_info,
        h1_0.description,
        h1_0.location,
        h1_0.name 
    from
        hotels h1_0 
    where
        h1_0.id=?
Hibernate: 
    select
        h1_0.id,
        h1_0.active,
        h1_0.contact_info,
        h1_0.description,
        h1_0.location,
        h1_0.name 
    from
        hotels h1_0 
    where
        h1_0.id=?
2026-05-07T18:22:37.684+01:00 DEBUG 48812 --- [o-auto-1-exec-5] org.hibernate.SQL                        : 
    select
        h1_0.id,
        h1_0.active,
        h1_0.contact_info,
        h1_0.description,
        h1_0.location,
        h1_0.name 
    from
        hotels h1_0 
    where
        h1_0.id=?
Hibernate: 
    select
        h1_0.id,
        h1_0.active,
        h1_0.contact_info,
        h1_0.description,
        h1_0.location,
        h1_0.name 
    from
        hotels h1_0 
    where
        h1_0.id=?
2026-05-07T18:22:37.684+01:00 DEBUG 48812 --- [o-auto-1-exec-5] org.hibernate.SQL                        : 
    select
        h1_0.id,
        h1_0.active,
        h1_0.contact_info,
        h1_0.description,
        h1_0.location,
        h1_0.name 
    from
        hotels h1_0 
    where
        h1_0.id=?
Hibernate: 
    select
        h1_0.id,
        h1_0.active,
        h1_0.contact_info,
        h1_0.description,
        h1_0.location,
        h1_0.name 
    from
        hotels h1_0 
    where
        h1_0.id=?
  &amp#27;[32mWhen &amp#27;[0m&amp#27;[32mthe client calls GET /api/rooms for room availability&amp#27;[0m &amp#27;[90m# com.hotelbay.steps.BookingManagementSteps.clientCallsGetApiRoomsAvailability()&amp#27;[0m
  &amp#27;[32mThen &amp#27;[0m&amp#27;[32mthe client receives status code of &amp#27;[0m&amp#27;[32m&amp#27;[1m200&amp#27;[0m                &amp#27;[90m# com.hotelbay.steps.BookingManagementSteps.clientReceivesStatusCode(int)&amp#27;[0m
  &amp#27;[32mAnd &amp#27;[0m&amp#27;[32mthe system returns a list of available rooms&amp#27;[0m           &amp#27;[90m# com.hotelbay.steps.BookingManagementSteps.systemReturnsAvailableRooms()&amp#27;[0m
]]></system-out>
  </testcase>
  <testcase name="Create hotel" classname="Hotel Administration" time="0.058">
    <system-out><![CDATA[2026-05-07T18:22:37.697+01:00  INFO 48812 --- [           main] t.c.s.AnnotationConfigContextLoaderUtils : Could not detect default configuration classes for test class [com.hotelbay.steps.CucumberSpringConfiguration]: CucumberSpringConfiguration does not declare any static, non-private, non-final, nested classes annotated with @Configuration.
2026-05-07T18:22:37.699+01:00  INFO 48812 --- [           main] .b.t.c.SpringBootTestContextBootstrapper : Found @SpringBootConfiguration com.hotelbay.HotelBayApplication for test class com.hotelbay.steps.CucumberSpringConfiguration

Scenario: Create hotel                                                                                                     &amp#27;[90m# src/test/resources/features/hotel-management.feature:10&amp#27;[0m
  &amp#27;[32mGiven &amp#27;[0m&amp#27;[32mthe system is running&amp#27;[0m                                                                                              &amp#27;[90m# com.hotelbay.steps.ReservationManagementSteps.systemIsRunning()&amp#27;[0m
  &amp#27;[32mAnd &amp#27;[0m&amp#27;[32man administrator is authenticated&amp#27;[0m                                                                                    &amp#27;[90m# com.hotelbay.steps.HotelManagementSteps.administratorIsAuthenticated()&amp#27;[0m
  &amp#27;[32mGiven &amp#27;[0m&amp#27;[32man administrator is authenticated&amp#27;[0m                                                                                  &amp#27;[90m# com.hotelbay.steps.HotelManagementSteps.administratorIsAuthenticated()&amp#27;[0m
2026-05-07T18:22:37.717+01:00 DEBUG 48812 --- [-auto-1-exec-10] org.hibernate.SQL                        : 
    insert 
    into
        hotels
        (active, contact_info, description, location, name, id) 
    values
        (?, ?, ?, ?, ?, default)
Hibernate: 
    insert 
    into
        hotels
        (active, contact_info, description, location, name, id) 
    values
        (?, ?, ?, ?, ?, default)
  &amp#27;[32mWhen &amp#27;[0m&amp#27;[32mthe administrator submits a request to create a new hotel with name, description, location, and contact information&amp#27;[0m &amp#27;[90m# com.hotelbay.steps.HotelManagementSteps.administratorSubmitsRequestToCreateNewHotel()&amp#27;[0m
2026-05-07T18:22:37.734+01:00 DEBUG 48812 --- [           main] org.hibernate.SQL                        : 
    select
        count(*) 
    from
        hotels h1_0 
    where
        h1_0.id=?
Hibernate: 
    select
        count(*) 
    from
        hotels h1_0 
    where
        h1_0.id=?
  &amp#27;[32mThen &amp#27;[0m&amp#27;[32mthe system should store the hotel information&amp#27;[0m                                                                       &amp#27;[90m# com.hotelbay.steps.HotelManagementSteps.systemShouldStoreHotelInformation()&amp#27;[0m
  &amp#27;[32mAnd &amp#27;[0m&amp#27;[32mthe system should return the created hotel details&amp#27;[0m                                                                   &amp#27;[90m# com.hotelbay.steps.HotelManagementSteps.systemShouldReturnCreatedHotelDetails()&amp#27;[0m
]]></system-out>
  </testcase>
  <testcase name="Update hotel information" classname="Hotel Administration" time="0.033">
    <system-out><![CDATA[2026-05-07T18:22:37.753+01:00  INFO 48812 --- [           main] t.c.s.AnnotationConfigContextLoaderUtils : Could not detect default configuration classes for test class [com.hotelbay.steps.CucumberSpringConfiguration]: CucumberSpringConfiguration does not declare any static, non-private, non-final, nested classes annotated with @Configuration.
2026-05-07T18:22:37.755+01:00  INFO 48812 --- [           main] .b.t.c.SpringBootTestContextBootstrapper : Found @SpringBootConfiguration com.hotelbay.HotelBayApplication for test class com.hotelbay.steps.CucumberSpringConfiguration

Scenario: Update hotel information                                            &amp#27;[90m# src/test/resources/features/hotel-management.feature:16&amp#27;[0m
  &amp#27;[32mGiven &amp#27;[0m&amp#27;[32mthe system is running&amp#27;[0m                                                 &amp#27;[90m# com.hotelbay.steps.ReservationManagementSteps.systemIsRunning()&amp#27;[0m
  &amp#27;[32mAnd &amp#27;[0m&amp#27;[32man administrator is authenticated&amp#27;[0m                                       &amp#27;[90m# com.hotelbay.steps.HotelManagementSteps.administratorIsAuthenticated()&amp#27;[0m
2026-05-07T18:22:37.769+01:00 DEBUG 48812 --- [           main] org.hibernate.SQL                        : 
    insert 
    into
        hotels
        (active, contact_info, description, location, name, id) 
    values
        (?, ?, ?, ?, ?, default)
Hibernate: 
    insert 
    into
        hotels
        (active, contact_info, description, location, name, id) 
    values
        (?, ?, ?, ?, ?, default)
  &amp#27;[32mGiven &amp#27;[0m&amp#27;[32ma hotel with ID 1 exists in the system&amp#27;[0m                                &amp#27;[90m# com.hotelbay.steps.HotelManagementSteps.hotelWithId1Exists()&amp#27;[0m
2026-05-07T18:22:37.776+01:00 DEBUG 48812 --- [o-auto-1-exec-7] org.hibernate.SQL                        : 
    select
        h1_0.id,
        h1_0.active,
        h1_0.contact_info,
        h1_0.description,
        h1_0.location,
        h1_0.name 
    from
        hotels h1_0 
    where
        h1_0.id=?
Hibernate: 
    select
        h1_0.id,
        h1_0.active,
        h1_0.contact_info,
        h1_0.description,
        h1_0.location,
        h1_0.name 
    from
        hotels h1_0 
    where
        h1_0.id=?
2026-05-07T18:22:37.778+01:00 DEBUG 48812 --- [o-auto-1-exec-7] org.hibernate.SQL                        : 
    update
        hotels 
    set
        active=?,
        contact_info=?,
        description=?,
        location=?,
        name=? 
    where
        id=?
Hibernate: 
    update
        hotels 
    set
        active=?,
        contact_info=?,
        description=?,
        location=?,
        name=? 
    where
        id=?
  &amp#27;[32mWhen &amp#27;[0m&amp#27;[32mthe administrator updates the hotel description or contact information&amp#27;[0m &amp#27;[90m# com.hotelbay.steps.HotelManagementSteps.administratorUpdatesHotelInformation()&amp#27;[0m
  &amp#27;[32mThen &amp#27;[0m&amp#27;[32mthe system should save the updated hotel information&amp#27;[0m                   &amp#27;[90m# com.hotelbay.steps.HotelManagementSteps.systemShouldSaveUpdatedHotelInformation()&amp#27;[0m
  &amp#27;[32mAnd &amp#27;[0m&amp#27;[32mthe client receives status code of &amp#27;[0m&amp#27;[32m&amp#27;[1m200&amp#27;[0m                                  &amp#27;[90m# com.hotelbay.steps.BookingManagementSteps.clientReceivesStatusCode(int)&amp#27;[0m
]]></system-out>
  </testcase>
  <testcase name="Activate hotel" classname="Hotel Administration" time="0.033">
    <system-out><![CDATA[2026-05-07T18:22:37.786+01:00  INFO 48812 --- [           main] t.c.s.AnnotationConfigContextLoaderUtils : Could not detect default configuration classes for test class [com.hotelbay.steps.CucumberSpringConfiguration]: CucumberSpringConfiguration does not declare any static, non-private, non-final, nested classes annotated with @Configuration.
2026-05-07T18:22:37.788+01:00  INFO 48812 --- [           main] .b.t.c.SpringBootTestContextBootstrapper : Found @SpringBootConfiguration com.hotelbay.HotelBayApplication for test class com.hotelbay.steps.CucumberSpringConfiguration

Scenario: Activate hotel                                                    &amp#27;[90m# src/test/resources/features/hotel-management.feature:22&amp#27;[0m
  &amp#27;[32mGiven &amp#27;[0m&amp#27;[32mthe system is running&amp#27;[0m                                               &amp#27;[90m# com.hotelbay.steps.ReservationManagementSteps.systemIsRunning()&amp#27;[0m
  &amp#27;[32mAnd &amp#27;[0m&amp#27;[32man administrator is authenticated&amp#27;[0m                                     &amp#27;[90m# com.hotelbay.steps.HotelManagementSteps.administratorIsAuthenticated()&amp#27;[0m
2026-05-07T18:22:37.802+01:00 DEBUG 48812 --- [           main] org.hibernate.SQL                        : 
    insert 
    into
        hotels
        (active, contact_info, description, location, name, id) 
    values
        (?, ?, ?, ?, ?, default)
Hibernate: 
    insert 
    into
        hotels
        (active, contact_info, description, location, name, id) 
    values
        (?, ?, ?, ?, ?, default)
  &amp#27;[32mGiven &amp#27;[0m&amp#27;[32ma hotel with ID 1 exists and is inactive&amp#27;[0m                            &amp#27;[90m# com.hotelbay.steps.HotelManagementSteps.hotelWithId1ExistsAndIsInactive()&amp#27;[0m
2026-05-07T18:22:37.809+01:00 DEBUG 48812 --- [o-auto-1-exec-8] org.hibernate.SQL                        : 
    select
        h1_0.id,
        h1_0.active,
        h1_0.contact_info,
        h1_0.description,
        h1_0.location,
        h1_0.name 
    from
        hotels h1_0 
    where
        h1_0.id=?
Hibernate: 
    select
        h1_0.id,
        h1_0.active,
        h1_0.contact_info,
        h1_0.description,
        h1_0.location,
        h1_0.name 
    from
        hotels h1_0 
    where
        h1_0.id=?
2026-05-07T18:22:37.810+01:00 DEBUG 48812 --- [o-auto-1-exec-8] org.hibernate.SQL                        : 
    update
        hotels 
    set
        active=?,
        contact_info=?,
        description=?,
        location=?,
        name=? 
    where
        id=?
Hibernate: 
    update
        hotels 
    set
        active=?,
        contact_info=?,
        description=?,
        location=?,
        name=? 
    where
        id=?
  &amp#27;[32mWhen &amp#27;[0m&amp#27;[32mthe administrator activates the hotel&amp#27;[0m                                &amp#27;[90m# com.hotelbay.steps.HotelManagementSteps.administratorActivatesHotel()&amp#27;[0m
2026-05-07T18:22:37.814+01:00 DEBUG 48812 --- [           main] org.hibernate.SQL                        : 
    select
        h1_0.id,
        h1_0.active,
        h1_0.contact_info,
        h1_0.description,
        h1_0.location,
        h1_0.name 
    from
        hotels h1_0 
    where
        h1_0.id=?
Hibernate: 
    select
        h1_0.id,
        h1_0.active,
        h1_0.contact_info,
        h1_0.description,
        h1_0.location,
        h1_0.name 
    from
        hotels h1_0 
    where
        h1_0.id=?
  &amp#27;[32mThen &amp#27;[0m&amp#27;[32mthe hotel should become available for room searches and reservations&amp#27;[0m &amp#27;[90m# com.hotelbay.steps.HotelManagementSteps.hotelShouldBecomeAvailable()&amp#27;[0m
  &amp#27;[32mAnd &amp#27;[0m&amp#27;[32mthe client receives status code of &amp#27;[0m&amp#27;[32m&amp#27;[1m200&amp#27;[0m                                &amp#27;[90m# com.hotelbay.steps.BookingManagementSteps.clientReceivesStatusCode(int)&amp#27;[0m
]]></system-out>
  </testcase>
  <testcase name="Deactivate hotel" classname="Hotel Administration" time="0.036">
    <system-out><![CDATA[2026-05-07T18:22:37.820+01:00  INFO 48812 --- [           main] t.c.s.AnnotationConfigContextLoaderUtils : Could not detect default configuration classes for test class [com.hotelbay.steps.CucumberSpringConfiguration]: CucumberSpringConfiguration does not declare any static, non-private, non-final, nested classes annotated with @Configuration.
2026-05-07T18:22:37.822+01:00  INFO 48812 --- [           main] .b.t.c.SpringBootTestContextBootstrapper : Found @SpringBootConfiguration com.hotelbay.HotelBayApplication for test class com.hotelbay.steps.CucumberSpringConfiguration

Scenario: Deactivate hotel                                      &amp#27;[90m# src/test/resources/features/hotel-management.feature:28&amp#27;[0m
  &amp#27;[32mGiven &amp#27;[0m&amp#27;[32mthe system is running&amp#27;[0m                                   &amp#27;[90m# com.hotelbay.steps.ReservationManagementSteps.systemIsRunning()&amp#27;[0m
  &amp#27;[32mAnd &amp#27;[0m&amp#27;[32man administrator is authenticated&amp#27;[0m                         &amp#27;[90m# com.hotelbay.steps.HotelManagementSteps.administratorIsAuthenticated()&amp#27;[0m
2026-05-07T18:22:37.833+01:00 DEBUG 48812 --- [           main] org.hibernate.SQL                        : 
    insert 
    into
        hotels
        (active, contact_info, description, location, name, id) 
    values
        (?, ?, ?, ?, ?, default)
Hibernate: 
    insert 
    into
        hotels
        (active, contact_info, description, location, name, id) 
    values
        (?, ?, ?, ?, ?, default)
  &amp#27;[32mGiven &amp#27;[0m&amp#27;[32ma hotel with ID 1 exists and is active&amp#27;[0m                  &amp#27;[90m# com.hotelbay.steps.HotelManagementSteps.hotelWithId1ExistsAndIsActive()&amp#27;[0m
2026-05-07T18:22:37.839+01:00 DEBUG 48812 --- [o-auto-1-exec-9] org.hibernate.SQL                        : 
    select
        h1_0.id,
        h1_0.active,
        h1_0.contact_info,
        h1_0.description,
        h1_0.location,
        h1_0.name 
    from
        hotels h1_0 
    where
        h1_0.id=?
Hibernate: 
    select
        h1_0.id,
        h1_0.active,
        h1_0.contact_info,
        h1_0.description,
        h1_0.location,
        h1_0.name 
    from
        hotels h1_0 
    where
        h1_0.id=?
2026-05-07T18:22:37.842+01:00 DEBUG 48812 --- [o-auto-1-exec-9] org.hibernate.SQL                        : 
    update
        hotels 
    set
        active=?,
        contact_info=?,
        description=?,
        location=?,
        name=? 
    where
        id=?
Hibernate: 
    update
        hotels 
    set
        active=?,
        contact_info=?,
        description=?,
        location=?,
        name=? 
    where
        id=?
  &amp#27;[32mWhen &amp#27;[0m&amp#27;[32mthe administrator deactivates the hotel&amp#27;[0m                  &amp#27;[90m# com.hotelbay.steps.HotelManagementSteps.administratorDeactivatesHotel()&amp#27;[0m
2026-05-07T18:22:37.846+01:00 DEBUG 48812 --- [           main] org.hibernate.SQL                        : 
    select
        h1_0.id,
        h1_0.active,
        h1_0.contact_info,
        h1_0.description,
        h1_0.location,
        h1_0.name 
    from
        hotels h1_0 
    where
        h1_0.id=?
Hibernate: 
    select
        h1_0.id,
        h1_0.active,
        h1_0.contact_info,
        h1_0.description,
        h1_0.location,
        h1_0.name 
    from
        hotels h1_0 
    where
        h1_0.id=?
  &amp#27;[32mThen &amp#27;[0m&amp#27;[32mthe hotel should become unavailable for new reservations&amp#27;[0m &amp#27;[90m# com.hotelbay.steps.HotelManagementSteps.hotelShouldBecomeUnavailable()&amp#27;[0m
  &amp#27;[32mAnd &amp#27;[0m&amp#27;[32mexisting reservations should remain valid&amp#27;[0m                 &amp#27;[90m# com.hotelbay.steps.HotelManagementSteps.existingReservationsShouldRemainValid()&amp#27;[0m
  &amp#27;[32mAnd &amp#27;[0m&amp#27;[32mthe client receives status code of &amp#27;[0m&amp#27;[32m&amp#27;[1m200&amp#27;[0m                    &amp#27;[90m# com.hotelbay.steps.BookingManagementSteps.clientReceivesStatusCode(int)&amp#27;[0m
]]></system-out>
  </testcase>
  <testcase name="Consult hotel details" classname="Hotel Administration" time="0.029">
    <system-out><![CDATA[2026-05-07T18:22:37.856+01:00  INFO 48812 --- [           main] t.c.s.AnnotationConfigContextLoaderUtils : Could not detect default configuration classes for test class [com.hotelbay.steps.CucumberSpringConfiguration]: CucumberSpringConfiguration does not declare any static, non-private, non-final, nested classes annotated with @Configuration.
2026-05-07T18:22:37.857+01:00  INFO 48812 --- [           main] .b.t.c.SpringBootTestContextBootstrapper : Found @SpringBootConfiguration com.hotelbay.HotelBayApplication for test class com.hotelbay.steps.CucumberSpringConfiguration

Scenario: Consult hotel details                                                     &amp#27;[90m# src/test/resources/features/hotel-management.feature:35&amp#27;[0m
  &amp#27;[32mGiven &amp#27;[0m&amp#27;[32mthe system is running&amp#27;[0m                                                       &amp#27;[90m# com.hotelbay.steps.ReservationManagementSteps.systemIsRunning()&amp#27;[0m
  &amp#27;[32mAnd &amp#27;[0m&amp#27;[32man administrator is authenticated&amp#27;[0m                                             &amp#27;[90m# com.hotelbay.steps.HotelManagementSteps.administratorIsAuthenticated()&amp#27;[0m
2026-05-07T18:22:37.870+01:00 DEBUG 48812 --- [           main] org.hibernate.SQL                        : 
    insert 
    into
        hotels
        (active, contact_info, description, location, name, id) 
    values
        (?, ?, ?, ?, ?, default)
Hibernate: 
    insert 
    into
        hotels
        (active, contact_info, description, location, name, id) 
    values
        (?, ?, ?, ?, ?, default)
  &amp#27;[32mGiven &amp#27;[0m&amp#27;[32ma hotel with ID 1 exists in the system&amp#27;[0m                                      &amp#27;[90m# com.hotelbay.steps.HotelManagementSteps.hotelWithId1Exists()&amp#27;[0m
2026-05-07T18:22:37.876+01:00 DEBUG 48812 --- [o-auto-1-exec-3] org.hibernate.SQL                        : 
    select
        h1_0.id,
        h1_0.active,
        h1_0.contact_info,
        h1_0.description,
        h1_0.location,
        h1_0.name 
    from
        hotels h1_0 
    where
        h1_0.id=?
Hibernate: 
    select
        h1_0.id,
        h1_0.active,
        h1_0.contact_info,
        h1_0.description,
        h1_0.location,
        h1_0.name 
    from
        hotels h1_0 
    where
        h1_0.id=?
  &amp#27;[32mWhen &amp#27;[0m&amp#27;[32ma user requests the hotel details&amp#27;[0m                                            &amp#27;[90m# com.hotelbay.steps.HotelManagementSteps.userRequestsHotelDetails()&amp#27;[0m
  &amp#27;[32mThen &amp#27;[0m&amp#27;[32mthe system should return the hotel name, description, location, and services&amp#27;[0m &amp#27;[90m# com.hotelbay.steps.HotelManagementSteps.systemShouldReturnHotelDetails()&amp#27;[0m
  &amp#27;[32mAnd &amp#27;[0m&amp#27;[32mthe client receives status code of &amp#27;[0m&amp#27;[32m&amp#27;[1m200&amp#27;[0m                                        &amp#27;[90m# com.hotelbay.steps.BookingManagementSteps.clientReceivesStatusCode(int)&amp#27;[0m
]]></system-out>
  </testcase>
  <testcase name="List all hotels" classname="Hotel Administration" time="0.034">
    <system-out><![CDATA[2026-05-07T18:22:37.885+01:00  INFO 48812 --- [           main] t.c.s.AnnotationConfigContextLoaderUtils : Could not detect default configuration classes for test class [com.hotelbay.steps.CucumberSpringConfiguration]: CucumberSpringConfiguration does not declare any static, non-private, non-final, nested classes annotated with @Configuration.
2026-05-07T18:22:37.887+01:00  INFO 48812 --- [           main] .b.t.c.SpringBootTestContextBootstrapper : Found @SpringBootConfiguration com.hotelbay.HotelBayApplication for test class com.hotelbay.steps.CucumberSpringConfiguration

Scenario: List all hotels                             &amp#27;[90m# src/test/resources/features/hotel-management.feature:41&amp#27;[0m
  &amp#27;[32mGiven &amp#27;[0m&amp#27;[32mthe system is running&amp#27;[0m                         &amp#27;[90m# com.hotelbay.steps.ReservationManagementSteps.systemIsRunning()&amp#27;[0m
  &amp#27;[32mAnd &amp#27;[0m&amp#27;[32man administrator is authenticated&amp#27;[0m               &amp#27;[90m# com.hotelbay.steps.HotelManagementSteps.administratorIsAuthenticated()&amp#27;[0m
2026-05-07T18:22:37.900+01:00 DEBUG 48812 --- [           main] org.hibernate.SQL                        : 
    insert 
    into
        hotels
        (active, contact_info, description, location, name, id) 
    values
        (?, ?, ?, ?, ?, default)
Hibernate: 
    insert 
    into
        hotels
        (active, contact_info, description, location, name, id) 
    values
        (?, ?, ?, ?, ?, default)
2026-05-07T18:22:37.903+01:00 DEBUG 48812 --- [           main] org.hibernate.SQL                        : 
    insert 
    into
        hotels
        (active, contact_info, description, location, name, id) 
    values
        (?, ?, ?, ?, ?, default)
Hibernate: 
    insert 
    into
        hotels
        (active, contact_info, description, location, name, id) 
    values
        (?, ?, ?, ?, ?, default)
  &amp#27;[32mGiven &amp#27;[0m&amp#27;[32mmultiple hotels exist in the system&amp#27;[0m           &amp#27;[90m# com.hotelbay.steps.HotelManagementSteps.multipleHotelsExistInTheSystem()&amp#27;[0m
2026-05-07T18:22:37.909+01:00 DEBUG 48812 --- [o-auto-1-exec-1] org.hibernate.SQL                        : 
    select
        h1_0.id,
        h1_0.active,
        h1_0.contact_info,
        h1_0.description,
        h1_0.location,
        h1_0.name 
    from
        hotels h1_0
Hibernate: 
    select
        h1_0.id,
        h1_0.active,
        h1_0.contact_info,
        h1_0.description,
        h1_0.location,
        h1_0.name 
    from
        hotels h1_0
  &amp#27;[32mWhen &amp#27;[0m&amp#27;[32ma user requests the list of hotels&amp#27;[0m             &amp#27;[90m# com.hotelbay.steps.HotelManagementSteps.userRequestsListOfHotels()&amp#27;[0m
  &amp#27;[32mThen &amp#27;[0m&amp#27;[32mthe system should return all registered hotels&amp#27;[0m &amp#27;[90m# com.hotelbay.steps.HotelManagementSteps.systemShouldReturnAllHotels()&amp#27;[0m
  &amp#27;[32mAnd &amp#27;[0m&amp#27;[32mthe client receives status code of &amp#27;[0m&amp#27;[32m&amp#27;[1m200&amp#27;[0m          &amp#27;[90m# com.hotelbay.steps.BookingManagementSteps.clientReceivesStatusCode(int)&amp#27;[0m
]]></system-out>
  </testcase>
  <testcase name="Process payment" classname="Payment Management" time="0.052">
    <system-out><![CDATA[2026-05-07T18:22:37.920+01:00  INFO 48812 --- [           main] t.c.s.AnnotationConfigContextLoaderUtils : Could not detect default configuration classes for test class [com.hotelbay.steps.CucumberSpringConfiguration]: CucumberSpringConfiguration does not declare any static, non-private, non-final, nested classes annotated with @Configuration.
2026-05-07T18:22:37.921+01:00  INFO 48812 --- [           main] .b.t.c.SpringBootTestContextBootstrapper : Found @SpringBootConfiguration com.hotelbay.HotelBayApplication for test class com.hotelbay.steps.CucumberSpringConfiguration

Scenario: Process payment                                    &amp#27;[90m# src/test/resources/features/payment-management.feature:10&amp#27;[0m
  &amp#27;[32mGiven &amp#27;[0m&amp#27;[32mthe system is running&amp#27;[0m                                &amp#27;[90m# com.hotelbay.steps.ReservationManagementSteps.systemIsRunning()&amp#27;[0m
2026-05-07T18:22:37.937+01:00 DEBUG 48812 --- [           main] org.hibernate.SQL                        : 
    insert 
    into
        users
        (email, name, role, username, id) 
    values
        (?, ?, ?, ?, default)
Hibernate: 
    insert 
    into
        users
        (email, name, role, username, id) 
    values
        (?, ?, ?, ?, default)
  &amp#27;[32mAnd &amp#27;[0m&amp#27;[32mthe client is authenticated as a guest&amp#27;[0m                 &amp#27;[90m# com.hotelbay.steps.BookingManagementSteps.clientIsAuthenticatedAsGuest()&amp#27;[0m
2026-05-07T18:22:37.943+01:00 DEBUG 48812 --- [           main] org.hibernate.SQL                        : 
    insert 
    into
        reservations
        (check_in_date, check_out_date, created_at, guest_id, hotel_id, number_of_guests, room_id, status, total_amount, updated_at, id) 
    values
        (?, ?, ?, ?, ?, ?, ?, ?, ?, ?, default)
Hibernate: 
    insert 
    into
        reservations
        (check_in_date, check_out_date, created_at, guest_id, hotel_id, number_of_guests, room_id, status, total_amount, updated_at, id) 
    values
        (?, ?, ?, ?, ?, ?, ?, ?, ?, ?, default)
  &amp#27;[32mGiven &amp#27;[0m&amp#27;[32mthe guest has a pending reservation&amp#27;[0m                  &amp#27;[90m# com.hotelbay.steps.PaymentManagementSteps.guestHasPendingReservation()&amp#27;[0m
2026-05-07T18:22:37.959+01:00 DEBUG 48812 --- [o-auto-1-exec-2] org.hibernate.SQL                        : 
    select
        count(*) 
    from
        reservations r1_0 
    where
        r1_0.id=?
Hibernate: 
    select
        count(*) 
    from
        reservations r1_0 
    where
        r1_0.id=?
2026-05-07T18:22:37.960+01:00 DEBUG 48812 --- [o-auto-1-exec-2] org.hibernate.SQL                        : 
    select
        r1_0.id,
        r1_0.check_in_date,
        r1_0.check_out_date,
        r1_0.created_at,
        g1_0.id,
        g1_0.email,
        g1_0.name,
        g1_0.role,
        g1_0.username,
        h1_0.id,
        h1_0.active,
        h1_0.contact_info,
        h1_0.description,
        h1_0.location,
        h1_0.name,
        r1_0.number_of_guests,
        r2_0.id,
        r2_0.available,
        r2_0.capacity,
        r2_0.description,
        h2_0.id,
        h2_0.active,
        h2_0.contact_info,
        h2_0.description,
        h2_0.location,
        h2_0.name,
        r2_0.price_per_night,
        r2_0.room_number,
        r2_0.room_type,
        r1_0.status,
        r1_0.total_amount,
        r1_0.updated_at 
    from
        reservations r1_0 
    left join
        users g1_0 
            on g1_0.id=r1_0.guest_id 
    left join
        hotels h1_0 
            on h1_0.id=r1_0.hotel_id 
    left join
        rooms r2_0 
            on r2_0.id=r1_0.room_id 
    left join
        hotels h2_0 
            on h2_0.id=r2_0.hotel_id 
    where
        r1_0.id=?
Hibernate: 
    select
        r1_0.id,
        r1_0.check_in_date,
        r1_0.check_out_date,
        r1_0.created_at,
        g1_0.id,
        g1_0.email,
        g1_0.name,
        g1_0.role,
        g1_0.username,
        h1_0.id,
        h1_0.active,
        h1_0.contact_info,
        h1_0.description,
        h1_0.location,
        h1_0.name,
        r1_0.number_of_guests,
        r2_0.id,
        r2_0.available,
        r2_0.capacity,
        r2_0.description,
        h2_0.id,
        h2_0.active,
        h2_0.contact_info,
        h2_0.description,
        h2_0.location,
        h2_0.name,
        r2_0.price_per_night,
        r2_0.room_number,
        r2_0.room_type,
        r1_0.status,
        r1_0.total_amount,
        r1_0.updated_at 
    from
        reservations r1_0 
    left join
        users g1_0 
            on g1_0.id=r1_0.guest_id 
    left join
        hotels h1_0 
            on h1_0.id=r1_0.hotel_id 
    left join
        rooms r2_0 
            on r2_0.id=r1_0.room_id 
    left join
        hotels h2_0 
            on h2_0.id=r2_0.hotel_id 
    where
        r1_0.id=?
2026-05-07T18:22:37.963+01:00 DEBUG 48812 --- [o-auto-1-exec-2] org.hibernate.SQL                        : 
    insert 
    into
        payments
        (amount, created_at, notes, payment_date, payment_method, reservation_id, status, transaction_id, updated_at, id) 
    values
        (?, ?, ?, ?, ?, ?, ?, ?, ?, default)
Hibernate: 
    insert 
    into
        payments
        (amount, created_at, notes, payment_date, payment_method, reservation_id, status, transaction_id, updated_at, id) 
    values
        (?, ?, ?, ?, ?, ?, ?, ?, ?, default)
  &amp#27;[32mWhen &amp#27;[0m&amp#27;[32mthe client calls POST /payments with a payment amount&amp#27;[0m &amp#27;[90m# com.hotelbay.steps.PaymentManagementSteps.clientCallsPostPaymentsWithAmount()&amp#27;[0m
  &amp#27;[32mThen &amp#27;[0m&amp#27;[32mthe client receives status code of &amp#27;[0m&amp#27;[32m&amp#27;[1m201&amp#27;[0m                &amp#27;[90m# com.hotelbay.steps.BookingManagementSteps.clientReceivesStatusCode(int)&amp#27;[0m
  &amp#27;[32mAnd &amp#27;[0m&amp#27;[32mthe payment status is set to processing&amp#27;[0m                &amp#27;[90m# com.hotelbay.steps.PaymentManagementSteps.paymentStatusIsSetToProcessing()&amp#27;[0m
]]></system-out>
  </testcase>
  <testcase name="Confirm payment" classname="Payment Management" time="0.056">
    <system-out><![CDATA[2026-05-07T18:22:37.972+01:00  INFO 48812 --- [           main] t.c.s.AnnotationConfigContextLoaderUtils : Could not detect default configuration classes for test class [com.hotelbay.steps.CucumberSpringConfiguration]: CucumberSpringConfiguration does not declare any static, non-private, non-final, nested classes annotated with @Configuration.
2026-05-07T18:22:37.974+01:00  INFO 48812 --- [           main] .b.t.c.SpringBootTestContextBootstrapper : Found @SpringBootConfiguration com.hotelbay.HotelBayApplication for test class com.hotelbay.steps.CucumberSpringConfiguration

Scenario: Confirm payment                        &amp#27;[90m# src/test/resources/features/payment-management.feature:16&amp#27;[0m
  &amp#27;[32mGiven &amp#27;[0m&amp#27;[32mthe system is running&amp#27;[0m                    &amp#27;[90m# com.hotelbay.steps.ReservationManagementSteps.systemIsRunning()&amp#27;[0m
2026-05-07T18:22:37.986+01:00 DEBUG 48812 --- [           main] org.hibernate.SQL                        : 
    insert 
    into
        users
        (email, name, role, username, id) 
    values
        (?, ?, ?, ?, default)
Hibernate: 
    insert 
    into
        users
        (email, name, role, username, id) 
    values
        (?, ?, ?, ?, default)
  &amp#27;[32mAnd &amp#27;[0m&amp#27;[32mthe client is authenticated as a guest&amp#27;[0m     &amp#27;[90m# com.hotelbay.steps.BookingManagementSteps.clientIsAuthenticatedAsGuest()&amp#27;[0m
2026-05-07T18:22:37.989+01:00 DEBUG 48812 --- [           main] org.hibernate.SQL                        : 
    insert 
    into
        reservations
        (check_in_date, check_out_date, created_at, guest_id, hotel_id, number_of_guests, room_id, status, total_amount, updated_at, id) 
    values
        (?, ?, ?, ?, ?, ?, ?, ?, ?, ?, default)
Hibernate: 
    insert 
    into
        reservations
        (check_in_date, check_out_date, created_at, guest_id, hotel_id, number_of_guests, room_id, status, total_amount, updated_at, id) 
    values
        (?, ?, ?, ?, ?, ?, ?, ?, ?, ?, default)
2026-05-07T18:22:38.000+01:00 DEBUG 48812 --- [o-auto-1-exec-6] org.hibernate.SQL                        : 
    select
        count(*) 
    from
        reservations r1_0 
    where
        r1_0.id=?
Hibernate: 
    select
        count(*) 
    from
        reservations r1_0 
    where
        r1_0.id=?
2026-05-07T18:22:38.001+01:00 DEBUG 48812 --- [o-auto-1-exec-6] org.hibernate.SQL                        : 
    select
        r1_0.id,
        r1_0.check_in_date,
        r1_0.check_out_date,
        r1_0.created_at,
        g1_0.id,
        g1_0.email,
        g1_0.name,
        g1_0.role,
        g1_0.username,
        h1_0.id,
        h1_0.active,
        h1_0.contact_info,
        h1_0.description,
        h1_0.location,
        h1_0.name,
        r1_0.number_of_guests,
        r2_0.id,
        r2_0.available,
        r2_0.capacity,
        r2_0.description,
        h2_0.id,
        h2_0.active,
        h2_0.contact_info,
        h2_0.description,
        h2_0.location,
        h2_0.name,
        r2_0.price_per_night,
        r2_0.room_number,
        r2_0.room_type,
        r1_0.status,
        r1_0.total_amount,
        r1_0.updated_at 
    from
        reservations r1_0 
    left join
        users g1_0 
            on g1_0.id=r1_0.guest_id 
    left join
        hotels h1_0 
            on h1_0.id=r1_0.hotel_id 
    left join
        rooms r2_0 
            on r2_0.id=r1_0.room_id 
    left join
        hotels h2_0 
            on h2_0.id=r2_0.hotel_id 
    where
        r1_0.id=?
Hibernate: 
    select
        r1_0.id,
        r1_0.check_in_date,
        r1_0.check_out_date,
        r1_0.created_at,
        g1_0.id,
        g1_0.email,
        g1_0.name,
        g1_0.role,
        g1_0.username,
        h1_0.id,
        h1_0.active,
        h1_0.contact_info,
        h1_0.description,
        h1_0.location,
        h1_0.name,
        r1_0.number_of_guests,
        r2_0.id,
        r2_0.available,
        r2_0.capacity,
        r2_0.description,
        h2_0.id,
        h2_0.active,
        h2_0.contact_info,
        h2_0.description,
        h2_0.location,
        h2_0.name,
        r2_0.price_per_night,
        r2_0.room_number,
        r2_0.room_type,
        r1_0.status,
        r1_0.total_amount,
        r1_0.updated_at 
    from
        reservations r1_0 
    left join
        users g1_0 
            on g1_0.id=r1_0.guest_id 
    left join
        hotels h1_0 
            on h1_0.id=r1_0.hotel_id 
    left join
        rooms r2_0 
            on r2_0.id=r1_0.room_id 
    left join
        hotels h2_0 
            on h2_0.id=r2_0.hotel_id 
    where
        r1_0.id=?
2026-05-07T18:22:38.003+01:00 DEBUG 48812 --- [o-auto-1-exec-6] org.hibernate.SQL                        : 
    insert 
    into
        payments
        (amount, created_at, notes, payment_date, payment_method, reservation_id, status, transaction_id, updated_at, id) 
    values
        (?, ?, ?, ?, ?, ?, ?, ?, ?, default)
Hibernate: 
    insert 
    into
        payments
        (amount, created_at, notes, payment_date, payment_method, reservation_id, status, transaction_id, updated_at, id) 
    values
        (?, ?, ?, ?, ?, ?, ?, ?, ?, default)
  &amp#27;[32mGiven &amp#27;[0m&amp#27;[32ma payment attempt is successful&amp#27;[0m          &amp#27;[90m# com.hotelbay.steps.PaymentManagementSteps.paymentAttemptIsSuccessful()&amp#27;[0m
2026-05-07T18:22:38.011+01:00 DEBUG 48812 --- [o-auto-1-exec-4] org.hibernate.SQL                        : 
    select
        p1_0.id,
        p1_0.amount,
        p1_0.created_at,
        p1_0.notes,
        p1_0.payment_date,
        p1_0.payment_method,
        r1_0.id,
        r1_0.check_in_date,
        r1_0.check_out_date,
[...]
    insert 
    into
        rooms
        (available, capacity, description, hotel_id, price_per_night, room_number, room_type, id) 
    values
        (?, ?, ?, ?, ?, ?, ?, default)
Hibernate: 
    insert 
    into
        rooms
        (available, capacity, description, hotel_id, price_per_night, room_number, room_type, id) 
    values
        (?, ?, ?, ?, ?, ?, ?, default)
  &amp#27;[32mGiven &amp#27;[0m&amp#27;[32ma room exists in the system&amp#27;[0m                                             &amp#27;[90m# com.hotelbay.steps.RoomManagementSteps.roomExistsInTheSystem()&amp#27;[0m
2026-05-07T18:22:40.126+01:00 DEBUG 48812 --- [o-auto-1-exec-9] org.hibernate.SQL                        : 
    select
        r1_0.id,
        r1_0.available,
        r1_0.capacity,
        r1_0.description,
        h1_0.id,
        h1_0.active,
        h1_0.contact_info,
        h1_0.description,
        h1_0.location,
        h1_0.name,
        r1_0.price_per_night,
        r1_0.room_number,
        r1_0.room_type 
    from
        rooms r1_0 
    left join
        hotels h1_0 
            on h1_0.id=r1_0.hotel_id 
    where
        r1_0.id=?
Hibernate: 
    select
        r1_0.id,
        r1_0.available,
        r1_0.capacity,
        r1_0.description,
        h1_0.id,
        h1_0.active,
        h1_0.contact_info,
        h1_0.description,
        h1_0.location,
        h1_0.name,
        r1_0.price_per_night,
        r1_0.room_number,
        r1_0.room_type 
    from
        rooms r1_0 
    left join
        hotels h1_0 
            on h1_0.id=r1_0.hotel_id 
    where
        r1_0.id=?
  &amp#27;[32mWhen &amp#27;[0m&amp#27;[32ma user requests the room details&amp#27;[0m                                         &amp#27;[90m# com.hotelbay.steps.RoomManagementSteps.userRequestsRoomDetails()&amp#27;[0m
  &amp#27;[32mThen &amp#27;[0m&amp#27;[32mthe system should return the room type, capacity, price, and description&amp#27;[0m &amp#27;[90m# com.hotelbay.steps.RoomManagementSteps.systemShouldReturnRoomDetails()&amp#27;[0m
]]></system-out>
  </testcase>
  <testcase name="View deleted room" classname="Room Management" time="0.022">
    <system-out><![CDATA[2026-05-07T18:22:40.131+01:00  INFO 48812 --- [           main] t.c.s.AnnotationConfigContextLoaderUtils : Could not detect default configuration classes for test class [com.hotelbay.steps.CucumberSpringConfiguration]: CucumberSpringConfiguration does not declare any static, non-private, non-final, nested classes annotated with @Configuration.
2026-05-07T18:22:40.132+01:00  INFO 48812 --- [           main] .b.t.c.SpringBootTestContextBootstrapper : Found @SpringBootConfiguration com.hotelbay.HotelBayApplication for test class com.hotelbay.steps.CucumberSpringConfiguration

Scenario: View deleted room                     &amp#27;[90m# src/test/resources/features/room-management.feature:51&amp#27;[0m
  &amp#27;[32mGiven &amp#27;[0m&amp#27;[32mthe system is running&amp#27;[0m                   &amp#27;[90m# com.hotelbay.steps.ReservationManagementSteps.systemIsRunning()&amp#27;[0m
  &amp#27;[32mAnd &amp#27;[0m&amp#27;[32man administrator is authenticated&amp#27;[0m         &amp#27;[90m# com.hotelbay.steps.HotelManagementSteps.administratorIsAuthenticated()&amp#27;[0m
2026-05-07T18:22:40.140+01:00 DEBUG 48812 --- [           main] org.hibernate.SQL                        : 
    insert 
    into
        hotels
        (active, contact_info, description, location, name, id) 
    values
        (?, ?, ?, ?, ?, default)
Hibernate: 
    insert 
    into
        hotels
        (active, contact_info, description, location, name, id) 
    values
        (?, ?, ?, ?, ?, default)
2026-05-07T18:22:40.142+01:00 DEBUG 48812 --- [           main] org.hibernate.SQL                        : 
    insert 
    into
        rooms
        (available, capacity, description, hotel_id, price_per_night, room_number, room_type, id) 
    values
        (?, ?, ?, ?, ?, ?, ?, default)
Hibernate: 
    insert 
    into
        rooms
        (available, capacity, description, hotel_id, price_per_night, room_number, room_type, id) 
    values
        (?, ?, ?, ?, ?, ?, ?, default)
2026-05-07T18:22:40.143+01:00 DEBUG 48812 --- [           main] org.hibernate.SQL                        : 
    select
        r1_0.id,
        r1_0.available,
        r1_0.capacity,
        r1_0.description,
        h1_0.id,
        h1_0.active,
        h1_0.contact_info,
        h1_0.description,
        h1_0.location,
        h1_0.name,
        r1_0.price_per_night,
        r1_0.room_number,
        r1_0.room_type 
    from
        rooms r1_0 
    left join
        hotels h1_0 
            on h1_0.id=r1_0.hotel_id 
    where
        r1_0.id=?
Hibernate: 
    select
        r1_0.id,
        r1_0.available,
        r1_0.capacity,
        r1_0.description,
        h1_0.id,
        h1_0.active,
        h1_0.contact_info,
        h1_0.description,
        h1_0.location,
        h1_0.name,
        r1_0.price_per_night,
        r1_0.room_number,
        r1_0.room_type 
    from
        rooms r1_0 
    left join
        hotels h1_0 
            on h1_0.id=r1_0.hotel_id 
    where
        r1_0.id=?
2026-05-07T18:22:40.145+01:00 DEBUG 48812 --- [           main] org.hibernate.SQL                        : 
    select
        r1_0.room_id,
        r1_0.id,
        r1_0.check_in_date,
        r1_0.check_out_date,
        r1_0.created_at,
        g1_0.id,
        g1_0.email,
        g1_0.name,
        g1_0.role,
        g1_0.username,
        h1_0.id,
        h1_0.active,
        h1_0.contact_info,
        h1_0.description,
        h1_0.location,
        h1_0.name,
        r1_0.number_of_guests,
        r1_0.status,
        r1_0.total_amount,
        r1_0.updated_at 
    from
        reservations r1_0 
    left join
        users g1_0 
            on g1_0.id=r1_0.guest_id 
    left join
        hotels h1_0 
            on h1_0.id=r1_0.hotel_id 
    where
        r1_0.room_id=?
Hibernate: 
    select
        r1_0.room_id,
        r1_0.id,
        r1_0.check_in_date,
        r1_0.check_out_date,
        r1_0.created_at,
        g1_0.id,
        g1_0.email,
        g1_0.name,
        g1_0.role,
        g1_0.username,
        h1_0.id,
        h1_0.active,
        h1_0.contact_info,
        h1_0.description,
        h1_0.location,
        h1_0.name,
        r1_0.number_of_guests,
        r1_0.status,
        r1_0.total_amount,
        r1_0.updated_at 
    from
        reservations r1_0 
    left join
        users g1_0 
            on g1_0.id=r1_0.guest_id 
    left join
        hotels h1_0 
            on h1_0.id=r1_0.hotel_id 
    where
        r1_0.room_id=?
2026-05-07T18:22:40.145+01:00 DEBUG 48812 --- [           main] org.hibernate.SQL                        : 
    delete 
    from
        rooms 
    where
        id=?
Hibernate: 
    delete 
    from
        rooms 
    where
        id=?
  &amp#27;[32mGiven &amp#27;[0m&amp#27;[32ma room has been deleted&amp#27;[0m                 &amp#27;[90m# com.hotelbay.steps.RoomManagementSteps.roomHasBeenDeleted()&amp#27;[0m
2026-05-07T18:22:40.149+01:00 DEBUG 48812 --- [o-auto-1-exec-3] org.hibernate.SQL                        : 
    select
        r1_0.id,
        r1_0.available,
        r1_0.capacity,
        r1_0.description,
        h1_0.id,
        h1_0.active,
        h1_0.contact_info,
        h1_0.description,
        h1_0.location,
        h1_0.name,
        r1_0.price_per_night,
        r1_0.room_number,
        r1_0.room_type 
    from
        rooms r1_0 
    left join
        hotels h1_0 
            on h1_0.id=r1_0.hotel_id 
    where
        r1_0.id=?
Hibernate: 
    select
        r1_0.id,
        r1_0.available,
        r1_0.capacity,
        r1_0.description,
        h1_0.id,
        h1_0.active,
        h1_0.contact_info,
        h1_0.description,
        h1_0.location,
        h1_0.name,
        r1_0.price_per_night,
        r1_0.room_number,
        r1_0.room_type 
    from
        rooms r1_0 
    left join
        hotels h1_0 
            on h1_0.id=r1_0.hotel_id 
    where
        r1_0.id=?
  &amp#27;[32mWhen &amp#27;[0m&amp#27;[32ma user requests the room details&amp#27;[0m         &amp#27;[90m# com.hotelbay.steps.RoomManagementSteps.userRequestsRoomDetails()&amp#27;[0m
  &amp#27;[32mThen &amp#27;[0m&amp#27;[32mthe system should return status code &amp#27;[0m&amp#27;[32m&amp#27;[1m404&amp#27;[0m &amp#27;[90m# com.hotelbay.steps.RoomManagementSteps.systemShouldReturnStatusCode(int)&amp#27;[0m
  &amp#27;[32mAnd &amp#27;[0m&amp#27;[32man error message is returned&amp#27;[0m              &amp#27;[90m# com.hotelbay.steps.RoomManagementSteps.errorMessageIsReturned()&amp#27;[0m
]]></system-out>
  </testcase>
  <testcase name="Successful user registration" classname="User Authentication" time="0.033">
    <system-out><![CDATA[2026-05-07T18:22:40.155+01:00  INFO 48812 --- [           main] t.c.s.AnnotationConfigContextLoaderUtils : Could not detect default configuration classes for test class [com.hotelbay.steps.CucumberSpringConfiguration]: CucumberSpringConfiguration does not declare any static, non-private, non-final, nested classes annotated with @Configuration.
2026-05-07T18:22:40.157+01:00  INFO 48812 --- [           main] .b.t.c.SpringBootTestContextBootstrapper : Found @SpringBootConfiguration com.hotelbay.HotelBayApplication for test class com.hotelbay.steps.CucumberSpringConfiguration

Scenario: Successful user registration                 &amp#27;[90m# src/test/resources/features/user-management.feature:9&amp#27;[0m
  &amp#27;[32mGiven &amp#27;[0m&amp#27;[32mthe system is running&amp#27;[0m                          &amp#27;[90m# com.hotelbay.steps.ReservationManagementSteps.systemIsRunning()&amp#27;[0m
  &amp#27;[32mGiven &amp#27;[0m&amp#27;[32mthe client provides valid registration details&amp#27;[0m &amp#27;[90m# com.hotelbay.steps.UserManagementSteps.clientProvidesValidRegistrationDetails()&amp#27;[0m
2026-05-07T18:22:40.174+01:00 DEBUG 48812 --- [o-auto-1-exec-1] org.hibernate.SQL                        : 
    select
        u1_0.id 
    from
        users u1_0 
    where
        u1_0.username=? 
    fetch
        first ? rows only
Hibernate: 
    select
        u1_0.id 
    from
        users u1_0 
    where
        u1_0.username=? 
    fetch
        first ? rows only
2026-05-07T18:22:40.177+01:00 DEBUG 48812 --- [o-auto-1-exec-1] org.hibernate.SQL                        : 
    select
        u1_0.id 
    from
        users u1_0 
    where
        u1_0.email=? 
    fetch
        first ? rows only
Hibernate: 
    select
        u1_0.id 
    from
        users u1_0 
    where
        u1_0.email=? 
    fetch
        first ? rows only
2026-05-07T18:22:40.178+01:00 DEBUG 48812 --- [o-auto-1-exec-1] org.hibernate.SQL                        : 
    insert 
    into
        users
        (email, name, role, username, id) 
    values
        (?, ?, ?, ?, default)
Hibernate: 
    insert 
    into
        users
        (email, name, role, username, id) 
    values
        (?, ?, ?, ?, default)
  &amp#27;[32mWhen &amp#27;[0m&amp#27;[32mthe client calls POST /users/register&amp#27;[0m           &amp#27;[90m# com.hotelbay.steps.UserManagementSteps.clientCallsPostUsersRegister()&amp#27;[0m
  &amp#27;[32mThen &amp#27;[0m&amp#27;[32mthe auth client receives status code of &amp#27;[0m&amp#27;[32m&amp#27;[1m201&amp#27;[0m     &amp#27;[90m# com.hotelbay.steps.UserManagementSteps.authClientReceivesStatusCode(int)&amp#27;[0m
2026-05-07T18:22:40.183+01:00 DEBUG 48812 --- [           main] org.hibernate.SQL                        : 
    select
        count(*) 
    from
        users u1_0 
    where
        u1_0.id=?
Hibernate: 
    select
        count(*) 
    from
        users u1_0 
    where
        u1_0.id=?
  &amp#27;[32mAnd &amp#27;[0m&amp#27;[32ma new user account is created&amp#27;[0m                    &amp#27;[90m# com.hotelbay.steps.UserManagementSteps.newUserAccountIsCreated()&amp#27;[0m
]]></system-out>
  </testcase>
  <testcase name="Registration with already registered email" classname="User Authentication" time="0.024">
    <system-out><![CDATA[2026-05-07T18:22:40.188+01:00  INFO 48812 --- [           main] t.c.s.AnnotationConfigContextLoaderUtils : Could not detect default configuration classes for test class [com.hotelbay.steps.CucumberSpringConfiguration]: CucumberSpringConfiguration does not declare any static, non-private, non-final, nested classes annotated with @Configuration.
2026-05-07T18:22:40.189+01:00  INFO 48812 --- [           main] .b.t.c.SpringBootTestContextBootstrapper : Found @SpringBootConfiguration com.hotelbay.HotelBayApplication for test class com.hotelbay.steps.CucumberSpringConfiguration

Scenario: Registration with already registered email                    &amp#27;[90m# src/test/resources/features/user-management.feature:15&amp#27;[0m
  &amp#27;[32mGiven &amp#27;[0m&amp#27;[32mthe system is running&amp#27;[0m                                           &amp#27;[90m# com.hotelbay.steps.ReservationManagementSteps.systemIsRunning()&amp#27;[0m
2026-05-07T18:22:40.194+01:00 DEBUG 48812 --- [           main] org.hibernate.SQL                        : 
    insert 
    into
        users
        (email, name, role, username, id) 
    values
        (?, ?, ?, ?, default)
Hibernate: 
    insert 
    into
        users
        (email, name, role, username, id) 
    values
        (?, ?, ?, ?, default)
  &amp#27;[32mGiven &amp#27;[0m&amp#27;[32mthe client provides registration details with an existing email&amp#27;[0m &amp#27;[90m# com.hotelbay.steps.UserManagementSteps.clientProvidesRegistrationDetailsWithExistingEmail()&amp#27;[0m
2026-05-07T18:22:40.202+01:00 DEBUG 48812 --- [o-auto-1-exec-2] org.hibernate.SQL                        : 
    select
        u1_0.id 
    from
        users u1_0 
    where
        u1_0.username=? 
    fetch
        first ? rows only
Hibernate: 
    select
        u1_0.id 
    from
        users u1_0 
    where
        u1_0.username=? 
    fetch
        first ? rows only
2026-05-07T18:22:40.204+01:00 DEBUG 48812 --- [o-auto-1-exec-2] org.hibernate.SQL                        : 
    select
        u1_0.id 
    from
        users u1_0 
    where
        u1_0.email=? 
    fetch
        first ? rows only
Hibernate: 
    select
        u1_0.id 
    from
        users u1_0 
    where
        u1_0.email=? 
    fetch
        first ? rows only
  &amp#27;[32mWhen &amp#27;[0m&amp#27;[32mthe client calls POST /users/register&amp#27;[0m                            &amp#27;[90m# com.hotelbay.steps.UserManagementSteps.clientCallsPostUsersRegister()&amp#27;[0m
  &amp#27;[32mThen &amp#27;[0m&amp#27;[32mthe auth client receives status code of &amp#27;[0m&amp#27;[32m&amp#27;[1m409&amp#27;[0m                      &amp#27;[90m# com.hotelbay.steps.UserManagementSteps.authClientReceivesStatusCode(int)&amp#27;[0m
  &amp#27;[32mAnd &amp#27;[0m&amp#27;[32man authentication error message is returned&amp#27;[0m                       &amp#27;[90m# com.hotelbay.steps.UserManagementSteps.authenticationErrorMessageIsReturned()&amp#27;[0m
]]></system-out>
  </testcase>
  <testcase name="Successful login" classname="User Authentication" time="0.017">
    <system-out><![CDATA[2026-05-07T18:22:40.211+01:00  INFO 48812 --- [           main] t.c.s.AnnotationConfigContextLoaderUtils : Could not detect default configuration classes for test class [com.hotelbay.steps.CucumberSpringConfiguration]: CucumberSpringConfiguration does not declare any static, non-private, non-final, nested classes annotated with @Configuration.
2026-05-07T18:22:40.212+01:00  INFO 48812 --- [           main] .b.t.c.SpringBootTestContextBootstrapper : Found @SpringBootConfiguration com.hotelbay.HotelBayApplication for test class com.hotelbay.steps.CucumberSpringConfiguration

Scenario: Successful login                          &amp#27;[90m# src/test/resources/features/user-management.feature:21&amp#27;[0m
  &amp#27;[32mGiven &amp#27;[0m&amp#27;[32mthe system is running&amp#27;[0m                       &amp#27;[90m# com.hotelbay.steps.ReservationManagementSteps.systemIsRunning()&amp#27;[0m
2026-05-07T18:22:40.216+01:00 DEBUG 48812 --- [           main] org.hibernate.SQL                        : 
    insert 
    into
        users
        (email, name, role, username, id) 
    values
        (?, ?, ?, ?, default)
Hibernate: 
    insert 
    into
        users
        (email, name, role, username, id) 
    values
        (?, ?, ?, ?, default)
  &amp#27;[32mGiven &amp#27;[0m&amp#27;[32mthe client provides valid login credentials&amp#27;[0m &amp#27;[90m# com.hotelbay.steps.UserManagementSteps.clientProvidesValidLoginCredentials()&amp#27;[0m
2026-05-07T18:22:40.222+01:00 DEBUG 48812 --- [o-auto-1-exec-6] org.hibernate.SQL                        : 
    select
        u1_0.id,
        u1_0.email,
        u1_0.name,
        u1_0.role,
        u1_0.username 
    from
        users u1_0 
    where
        u1_0.username=?
Hibernate: 
    select
        u1_0.id,
        u1_0.email,
        u1_0.name,
        u1_0.role,
        u1_0.username 
    from
        users u1_0 
    where
        u1_0.username=?
  &amp#27;[32mWhen &amp#27;[0m&amp#27;[32mthe client calls POST /users/login&amp#27;[0m           &amp#27;[90m# com.hotelbay.steps.UserManagementSteps.clientCallsPostUsersLogin()&amp#27;[0m
  &amp#27;[32mThen &amp#27;[0m&amp#27;[32mthe auth client receives status code of &amp#27;[0m&amp#27;[32m&amp#27;[1m200&amp#27;[0m  &amp#27;[90m# com.hotelbay.steps.UserManagementSteps.authClientReceivesStatusCode(int)&amp#27;[0m
  &amp#27;[32mAnd &amp#27;[0m&amp#27;[32mthe system returns an authentication token&amp#27;[0m    &amp#27;[90m# com.hotelbay.steps.UserManagementSteps.systemReturnsAuthenticationToken()&amp#27;[0m
]]></system-out>
  </testcase>
  <testcase name="Successful logout" classname="User Authentication" time="0.021">
    <system-out><![CDATA[2026-05-07T18:22:40.229+01:00  INFO 48812 --- [           main] t.c.s.AnnotationConfigContextLoaderUtils : Could not detect default configuration classes for test class [com.hotelbay.steps.CucumberSpringConfiguration]: CucumberSpringConfiguration does not declare any static, non-private, non-final, nested classes annotated with @Configuration.
2026-05-07T18:22:40.230+01:00  INFO 48812 --- [           main] .b.t.c.SpringBootTestContextBootstrapper : Found @SpringBootConfiguration com.hotelbay.HotelBayApplication for test class com.hotelbay.steps.CucumberSpringConfiguration

Scenario: Successful logout                        &amp#27;[90m# src/test/resources/features/user-management.feature:27&amp#27;[0m
  &amp#27;[32mGiven &amp#27;[0m&amp#27;[32mthe system is running&amp#27;[0m                      &amp#27;[90m# com.hotelbay.steps.ReservationManagementSteps.systemIsRunning()&amp#27;[0m
2026-05-07T18:22:40.238+01:00 DEBUG 48812 --- [           main] org.hibernate.SQL                        : 
    insert 
    into
        users
        (email, name, role, username, id) 
    values
        (?, ?, ?, ?, default)
Hibernate: 
    insert 
    into
        users
        (email, name, role, username, id) 
    values
        (?, ?, ?, ?, default)
  &amp#27;[32mGiven &amp#27;[0m&amp#27;[32mthe client is logged in&amp#27;[0m                    &amp#27;[90m# com.hotelbay.steps.UserManagementSteps.clientIsLoggedIn()&amp#27;[0m
  &amp#27;[32mWhen &amp#27;[0m&amp#27;[32mthe client calls POST /users/logout&amp#27;[0m         &amp#27;[90m# com.hotelbay.steps.UserManagementSteps.clientCallsPostUsersLogout()&amp#27;[0m
  &amp#27;[32mThen &amp#27;[0m&amp#27;[32mthe auth client receives status code of &amp#27;[0m&amp#27;[32m&amp#27;[1m200&amp#27;[0m &amp#27;[90m# com.hotelbay.steps.UserManagementSteps.authClientReceivesStatusCode(int)&amp#27;[0m
  &amp#27;[32mAnd &amp#27;[0m&amp#27;[32mthe authentication token is invalidated&amp#27;[0m      &amp#27;[90m# com.hotelbay.steps.UserManagementSteps.authenticationTokenIsInvalidated()&amp#27;[0m
]]></system-out>
  </testcase>
</testsuite>